2025/06/27 22:11:59|3|sat_log_init: Session started
2025/06/27 22:11:59|4|sat_cfg_load: Everything OK.
2025/06/27 22:11:59|1|gtk_sat_module_load_sats: Failed to get list of satellites (Key file does not have group “GLOBAL”)
2025/06/27 22:12:00|1|gtk-single-sat.c:154: Can not update non-existing sat
2025/06/27 22:12:00|1|gtk-single-sat.c:154: Can not update non-existing sat
2025/06/27 22:12:00|1|gtk-single-sat.c:154: Can not update non-existing sat
2025/06/27 22:12:00|1|gtk-single-sat.c:154: Can not update non-existing sat
2025/06/27 22:12:00|1|gtk-single-sat.c:154: Can not update non-existing sat
2025/06/27 22:12:00|1|gtk-single-sat.c:154: Can not update non-existing sat
2025/06/27 22:12:00|1|gtk-single-sat.c:154: Can not update non-existing sat
2025/06/27 22:12:00|1|gtk-single-sat.c:154: Can not update non-existing sat
2025/06/27 22:12:00|1|gtk-single-sat.c:154: Can not update non-existing sat
2025/06/27 22:12:00|1|gtk-single-sat.c:154: Can not update non-existing sat
2025/06/27 22:12:00|1|gtk-single-sat.c:154: Can not update non-existing sat
2025/06/27 22:12:00|1|gtk-single-sat.c:154: Can not update non-existing sat
2025/06/27 22:12:00|1|gtk-single-sat.c:154: Can not update non-existing sat
2025/06/27 22:12:00|1|gtk-single-sat.c:154: Can not update non-existing sat
2025/06/27 22:12:00|1|gtk-single-sat.c:154: Can not update non-existing sat
2025/06/27 22:12:00|1|gtk-single-sat.c:154: Can not update non-existing sat
2025/06/27 22:12:00|1|gtk-single-sat.c:154: Can not update non-existing sat
2025/06/27 22:12:00|1|gtk-single-sat.c:154: Can not update non-existing sat
2025/06/27 22:12:00|1|gtk-single-sat.c:154: Can not update non-existing sat
2025/06/27 22:12:00|1|gtk-single-sat.c:154: Can not update non-existing sat
2025/06/27 22:12:00|1|gtk-single-sat.c:154: Can not update non-existing sat
2025/06/27 22:12:00|1|gtk-single-sat.c:154: Can not update non-existing sat
2025/06/27 22:12:00|1|gtk-single-sat.c:154: Can not update non-existing sat
2025/06/27 22:12:00|1|gtk-single-sat.c:154: Can not update non-existing sat
2025/06/27 22:12:00|1|gtk-single-sat.c:154: Can not update non-existing sat
2025/06/27 22:12:00|1|gtk-single-sat.c:154: Can not update non-existing sat
2025/06/27 22:12:00|1|gtk-single-sat.c:154: Can not update non-existing sat
2025/06/27 22:12:00|1|gtk-single-sat.c:154: Can not update non-existing sat
2025/06/27 22:12:00|1|gtk-single-sat.c:154: Can not update non-existing sat
2025/06/27 22:12:00|1|gtk-single-sat.c:154: Can not update non-existing sat
2025/06/27 22:12:00|1|gtk-single-sat.c:154: Can not update non-existing sat
2025/06/27 22:12:00|1|gtk-single-sat.c:154: Can not update non-existing sat
2025/06/27 22:12:00|1|gtk-single-sat.c:154: Can not update non-existing sat
2025/06/27 22:12:00|1|gtk-single-sat.c:154: Can not update non-existing sat
2025/06/27 22:12:00|1|gtk-single-sat.c:154: Can not update non-existing sat
2025/06/27 22:12:00|1|gtk-single-sat.c:154: Can not update non-existing sat
2025/06/27 22:12:00|1|gtk-single-sat.c:154: Can not update non-existing sat
2025/06/27 22:12:00|1|gtk-single-sat.c:154: Can not update non-existing sat
2025/06/27 22:12:00|1|gtk-single-sat.c:154: Can not update non-existing sat
2025/06/27 22:12:00|1|gtk-single-sat.c:154: Can not update non-existing sat
2025/06/27 22:12:00|1|gtk-single-sat.c:154: Can not update non-existing sat
2025/06/27 22:12:00|1|gtk-single-sat.c:154: Can not update non-existing sat
2025/06/27 22:12:00|1|gtk-single-sat.c:154: Can not update non-existing sat
2025/06/27 22:12:00|1|gtk-single-sat.c:154: Can not update non-existing sat
2025/06/27 22:12:00|1|gtk-single-sat.c:154: Can not update non-existing sat
2025/06/27 22:12:00|1|gtk-single-sat.c:154: Can not update non-existing sat
2025/06/27 22:12:00|1|gtk-single-sat.c:154: Can not update non-existing sat
2025/06/27 22:12:00|1|gtk-single-sat.c:154: Can not update non-existing sat
2025/06/27 22:12:01|1|gtk-single-sat.c:154: Can not update non-existing sat
2025/06/27 22:12:01|1|gtk-single-sat.c:154: Can not update non-existing sat
2025/06/27 22:12:01|1|gtk-single-sat.c:154: Can not update non-existing sat
2025/06/27 22:12:01|1|gtk-single-sat.c:154: Can not update non-existing sat
2025/06/27 22:12:01|1|gtk-single-sat.c:154: Can not update non-existing sat
2025/06/27 22:12:01|1|gtk-single-sat.c:154: Can not update non-existing sat
2025/06/27 22:12:01|1|gtk-single-sat.c:154: Can not update non-existing sat
2025/06/27 22:12:01|1|gtk-single-sat.c:154: Can not update non-existing sat
2025/06/27 22:12:01|1|gtk-single-sat.c:154: Can not update non-existing sat
2025/06/27 22:12:01|1|gtk-single-sat.c:154: Can not update non-existing sat
2025/06/27 22:12:01|1|gtk-single-sat.c:154: Can not update non-existing sat
2025/06/27 22:12:01|1|gtk-single-sat.c:154: Can not update non-existing sat
2025/06/27 22:12:01|1|gtk-single-sat.c:154: Can not update non-existing sat
2025/06/27 22:12:01|1|gtk-single-sat.c:154: Can not update non-existing sat
2025/06/27 22:12:01|1|gtk-single-sat.c:154: Can not update non-existing sat
2025/06/27 22:12:01|1|gtk-single-sat.c:154: Can not update non-existing sat
2025/06/27 22:12:01|1|gtk-single-sat.c:154: Can not update non-existing sat
2025/06/27 22:12:01|1|gtk-single-sat.c:154: Can not update non-existing sat
2025/06/27 22:12:01|1|gtk-single-sat.c:154: Can not update non-existing sat
2025/06/27 22:12:01|1|gtk-single-sat.c:154: Can not update non-existing sat
2025/06/27 22:12:01|1|gtk-single-sat.c:154: Can not update non-existing sat
2025/06/27 22:12:01|1|gtk-single-sat.c:154: Can not update non-existing sat
2025/06/27 22:12:01|1|gtk-single-sat.c:154: Can not update non-existing sat
2025/06/27 22:12:01|1|gtk-single-sat.c:154: Can not update non-existing sat
2025/06/27 22:12:01|1|gtk-single-sat.c:154: Can not update non-existing sat
2025/06/27 22:12:01|1|gtk-single-sat.c:154: Can not update non-existing sat
2025/06/27 22:12:01|1|gtk-single-sat.c:154: Can not update non-existing sat
2025/06/27 22:12:01|1|gtk-single-sat.c:154: Can not update non-existing sat
2025/06/27 22:12:01|1|gtk-single-sat.c:154: Can not update non-existing sat
2025/06/27 22:12:01|1|gtk-single-sat.c:154: Can not update non-existing sat
2025/06/27 22:12:01|1|gtk-single-sat.c:154: Can not update non-existing sat
2025/06/27 22:12:01|1|gtk-single-sat.c:154: Can not update non-existing sat
2025/06/27 22:12:01|1|gtk-single-sat.c:154: Can not update non-existing sat
2025/06/27 22:12:01|1|gtk-single-sat.c:154: Can not update non-existing sat
2025/06/27 22:12:01|1|gtk-single-sat.c:154: Can not update non-existing sat
2025/06/27 22:12:01|1|gtk-single-sat.c:154: Can not update non-existing sat
2025/06/27 22:12:01|1|gtk-single-sat.c:154: Can not update non-existing sat
2025/06/27 22:12:01|1|gtk-single-sat.c:154: Can not update non-existing sat
2025/06/27 22:12:01|1|gtk-single-sat.c:154: Can not update non-existing sat
2025/06/27 22:12:01|1|gtk-single-sat.c:154: Can not update non-existing sat
2025/06/27 22:12:01|1|gtk-single-sat.c:154: Can not update non-existing sat
2025/06/27 22:12:01|1|gtk-single-sat.c:154: Can not update non-existing sat
2025/06/27 22:12:01|1|gtk-single-sat.c:154: Can not update non-existing sat
2025/06/27 22:12:01|1|gtk-single-sat.c:154: Can not update non-existing sat
2025/06/27 22:12:01|1|gtk-single-sat.c:154: Can not update non-existing sat
2025/06/27 22:12:01|1|gtk-single-sat.c:154: Can not update non-existing sat
2025/06/27 22:12:01|1|gtk-single-sat.c:154: Can not update non-existing sat
2025/06/27 22:12:01|1|gtk-single-sat.c:154: Can not update non-existing sat
2025/06/27 22:12:02|1|gtk-single-sat.c:154: Can not update non-existing sat
2025/06/27 22:12:02|1|gtk-single-sat.c:154: Can not update non-existing sat
2025/06/27 22:12:02|1|gtk-single-sat.c:154: Can not update non-existing sat
2025/06/27 22:12:02|1|gtk-single-sat.c:154: Can not update non-existing sat
2025/06/27 22:12:02|1|gtk-single-sat.c:154: Can not update non-existing sat
2025/06/27 22:12:02|1|gtk-single-sat.c:154: Can not update non-existing sat
2025/06/27 22:12:02|1|gtk-single-sat.c:154: Can not update non-existing sat
2025/06/27 22:12:02|1|gtk-single-sat.c:154: Can not update non-existing sat
2025/06/27 22:12:02|1|gtk-single-sat.c:154: Can not update non-existing sat
2025/06/27 22:12:02|1|gtk-single-sat.c:154: Can not update non-existing sat
2025/06/27 22:12:02|1|gtk-single-sat.c:154: Can not update non-existing sat
2025/06/27 22:12:02|1|gtk-single-sat.c:154: Can not update non-existing sat
2025/06/27 22:12:02|1|gtk-single-sat.c:154: Can not update non-existing sat
2025/06/27 22:12:02|1|gtk-single-sat.c:154: Can not update non-existing sat
2025/06/27 22:12:02|1|gtk-single-sat.c:154: Can not update non-existing sat
2025/06/27 22:12:02|1|gtk-single-sat.c:154: Can not update non-existing sat
2025/06/27 22:12:02|1|gtk-single-sat.c:154: Can not update non-existing sat
2025/06/27 22:12:02|1|gtk-single-sat.c:154: Can not update non-existing sat
2025/06/27 22:12:02|1|gtk-single-sat.c:154: Can not update non-existing sat
2025/06/27 22:12:02|1|gtk-single-sat.c:154: Can not update non-existing sat
2025/06/27 22:12:02|1|gtk-single-sat.c:154: Can not update non-existing sat
2025/06/27 22:12:02|1|gtk-single-sat.c:154: Can not update non-existing sat
2025/06/27 22:12:02|1|gtk-single-sat.c:154: Can not update non-existing sat
2025/06/27 22:12:02|1|gtk-single-sat.c:154: Can not update non-existing sat
2025/06/27 22:12:02|1|gtk-single-sat.c:154: Can not update non-existing sat
2025/06/27 22:12:02|1|gtk-single-sat.c:154: Can not update non-existing sat
2025/06/27 22:12:02|1|gtk-single-sat.c:154: Can not update non-existing sat
2025/06/27 22:12:02|1|gtk-single-sat.c:154: Can not update non-existing sat
2025/06/27 22:12:02|1|gtk-single-sat.c:154: Can not update non-existing sat
2025/06/27 22:12:02|1|gtk-single-sat.c:154: Can not update non-existing sat
2025/06/27 22:12:02|1|gtk-single-sat.c:154: Can not update non-existing sat
2025/06/27 22:12:02|1|gtk-single-sat.c:154: Can not update non-existing sat
2025/06/27 22:12:02|1|gtk-single-sat.c:154: Can not update non-existing sat
2025/06/27 22:12:02|1|gtk-single-sat.c:154: Can not update non-existing sat
2025/06/27 22:12:02|1|gtk-single-sat.c:154: Can not update non-existing sat
2025/06/27 22:12:02|1|gtk-single-sat.c:154: Can not update non-existing sat
2025/06/27 22:12:02|1|gtk-single-sat.c:154: Can not update non-existing sat
2025/06/27 22:12:02|1|gtk-single-sat.c:154: Can not update non-existing sat
2025/06/27 22:12:02|1|gtk-single-sat.c:154: Can not update non-existing sat
2025/06/27 22:12:02|1|gtk-single-sat.c:154: Can not update non-existing sat
2025/06/27 22:12:02|1|gtk-single-sat.c:154: Can not update non-existing sat
2025/06/27 22:12:02|1|gtk-single-sat.c:154: Can not update non-existing sat
2025/06/27 22:12:02|1|gtk-single-sat.c:154: Can not update non-existing sat
2025/06/27 22:12:02|1|gtk-single-sat.c:154: Can not update non-existing sat
2025/06/27 22:12:02|1|gtk-single-sat.c:154: Can not update non-existing sat
2025/06/27 22:12:02|1|gtk-single-sat.c:154: Can not update non-existing sat
2025/06/27 22:12:02|1|gtk-single-sat.c:154: Can not update non-existing sat
2025/06/27 22:12:02|1|gtk-single-sat.c:154: Can not update non-existing sat
2025/06/27 22:12:02|1|gtk-single-sat.c:154: Can not update non-existing sat
2025/06/27 22:12:02|1|gtk-single-sat.c:154: Can not update non-existing sat
2025/06/27 22:12:02|1|gtk-single-sat.c:154: Can not update non-existing sat
2025/06/27 22:12:02|1|gtk-single-sat.c:154: Can not update non-existing sat
2025/06/27 22:12:02|1|gtk-single-sat.c:154: Can not update non-existing sat
2025/06/27 22:12:02|1|gtk-single-sat.c:154: Can not update non-existing sat
2025/06/27 22:12:02|1|gtk-single-sat.c:154: Can not update non-existing sat
2025/06/27 22:12:02|1|gtk-single-sat.c:154: Can not update non-existing sat
2025/06/27 22:12:02|1|gtk-single-sat.c:154: Can not update non-existing sat
2025/06/27 22:12:02|1|gtk-single-sat.c:154: Can not update non-existing sat
2025/06/27 22:12:02|1|gtk-single-sat.c:154: Can not update non-existing sat
2025/06/27 22:12:02|1|gtk-single-sat.c:154: Can not update non-existing sat
2025/06/27 22:12:02|1|gtk-single-sat.c:154: Can not update non-existing sat
2025/06/27 22:12:02|1|gtk-single-sat.c:154: Can not update non-existing sat
2025/06/27 22:12:02|1|gtk-single-sat.c:154: Can not update non-existing sat
2025/06/27 22:12:02|1|gtk-single-sat.c:154: Can not update non-existing sat
2025/06/27 22:12:03|1|gtk-single-sat.c:154: Can not update non-existing sat
2025/06/27 22:12:03|1|gtk-single-sat.c:154: Can not update non-existing sat
2025/06/27 22:12:03|1|gtk-single-sat.c:154: Can not update non-existing sat
2025/06/27 22:12:03|1|gtk-single-sat.c:154: Can not update non-existing sat
2025/06/27 22:12:03|1|gtk-single-sat.c:154: Can not update non-existing sat
2025/06/27 22:12:03|1|gtk-single-sat.c:154: Can not update non-existing sat
2025/06/27 22:12:03|1|gtk-single-sat.c:154: Can not update non-existing sat
2025/06/27 22:12:03|1|gtk-single-sat.c:154: Can not update non-existing sat
2025/06/27 22:12:03|1|gtk-single-sat.c:154: Can not update non-existing sat
2025/06/27 22:12:03|1|gtk-single-sat.c:154: Can not update non-existing sat
2025/06/27 22:12:03|1|gtk-single-sat.c:154: Can not update non-existing sat
2025/06/27 22:12:03|1|gtk-single-sat.c:154: Can not update non-existing sat
2025/06/27 22:12:03|1|gtk-single-sat.c:154: Can not update non-existing sat
2025/06/27 22:12:03|1|gtk-single-sat.c:154: Can not update non-existing sat
2025/06/27 22:12:03|1|gtk-single-sat.c:154: Can not update non-existing sat
2025/06/27 22:12:03|1|gtk-single-sat.c:154: Can not update non-existing sat
2025/06/27 22:12:03|1|gtk-single-sat.c:154: Can not update non-existing sat
2025/06/27 22:12:03|1|gtk-single-sat.c:154: Can not update non-existing sat
2025/06/27 22:12:03|1|gtk-single-sat.c:154: Can not update non-existing sat
2025/06/27 22:12:03|1|gtk-single-sat.c:154: Can not update non-existing sat
2025/06/27 22:12:03|1|gtk-single-sat.c:154: Can not update non-existing sat
2025/06/27 22:12:03|1|gtk-single-sat.c:154: Can not update non-existing sat
2025/06/27 22:12:03|1|gtk-single-sat.c:154: Can not update non-existing sat
2025/06/27 22:12:03|1|gtk-single-sat.c:154: Can not update non-existing sat
2025/06/27 22:12:03|1|gtk-single-sat.c:154: Can not update non-existing sat
2025/06/27 22:12:03|1|gtk-single-sat.c:154: Can not update non-existing sat
2025/06/27 22:12:03|1|gtk-single-sat.c:154: Can not update non-existing sat
2025/06/27 22:12:03|1|gtk-single-sat.c:154: Can not update non-existing sat
2025/06/27 22:12:03|1|gtk-single-sat.c:154: Can not update non-existing sat
2025/06/27 22:12:03|1|gtk-single-sat.c:154: Can not update non-existing sat
2025/06/27 22:12:03|1|gtk-single-sat.c:154: Can not update non-existing sat
2025/06/27 22:12:03|1|gtk-single-sat.c:154: Can not update non-existing sat
2025/06/27 22:12:03|1|gtk-single-sat.c:154: Can not update non-existing sat
2025/06/27 22:12:03|1|gtk-single-sat.c:154: Can not update non-existing sat
2025/06/27 22:12:03|1|gtk-single-sat.c:154: Can not update non-existing sat
2025/06/27 22:12:03|1|gtk-single-sat.c:154: Can not update non-existing sat
2025/06/27 22:12:03|1|gtk-single-sat.c:154: Can not update non-existing sat
2025/06/27 22:12:03|1|gtk-single-sat.c:154: Can not update non-existing sat
2025/06/27 22:12:03|1|gtk-single-sat.c:154: Can not update non-existing sat
2025/06/27 22:12:03|1|gtk-single-sat.c:154: Can not update non-existing sat
2025/06/27 22:12:03|1|gtk-single-sat.c:154: Can not update non-existing sat
2025/06/27 22:12:03|1|gtk-single-sat.c:154: Can not update non-existing sat
2025/06/27 22:12:03|1|gtk-single-sat.c:154: Can not update non-existing sat
2025/06/27 22:12:03|1|gtk-single-sat.c:154: Can not update non-existing sat
2025/06/27 22:12:03|1|gtk-single-sat.c:154: Can not update non-existing sat
2025/06/27 22:12:03|1|gtk-single-sat.c:154: Can not update non-existing sat
2025/06/27 22:12:03|1|gtk-single-sat.c:154: Can not update non-existing sat
2025/06/27 22:12:03|1|gtk-single-sat.c:154: Can not update non-existing sat
2025/06/27 22:12:04|1|gtk-single-sat.c:154: Can not update non-existing sat
2025/06/27 22:12:04|1|gtk-single-sat.c:154: Can not update non-existing sat
2025/06/27 22:12:04|1|gtk-single-sat.c:154: Can not update non-existing sat
2025/06/27 22:12:04|1|gtk-single-sat.c:154: Can not update non-existing sat
2025/06/27 22:12:04|1|gtk-single-sat.c:154: Can not update non-existing sat
2025/06/27 22:12:04|1|gtk-single-sat.c:154: Can not update non-existing sat
2025/06/27 22:12:04|1|gtk-single-sat.c:154: Can not update non-existing sat
2025/06/27 22:12:04|1|gtk-single-sat.c:154: Can not update non-existing sat
2025/06/27 22:12:04|1|gtk-single-sat.c:154: Can not update non-existing sat
2025/06/27 22:12:04|1|gtk-single-sat.c:154: Can not update non-existing sat
2025/06/27 22:12:04|1|gtk-single-sat.c:154: Can not update non-existing sat
2025/06/27 22:12:04|1|gtk-single-sat.c:154: Can not update non-existing sat
2025/06/27 22:12:04|1|gtk-single-sat.c:154: Can not update non-existing sat
2025/06/27 22:12:04|1|gtk-single-sat.c:154: Can not update non-existing sat
2025/06/27 22:12:04|1|gtk-single-sat.c:154: Can not update non-existing sat
2025/06/27 22:12:04|1|gtk-single-sat.c:154: Can not update non-existing sat
2025/06/27 22:12:04|1|gtk-single-sat.c:154: Can not update non-existing sat
2025/06/27 22:12:04|1|gtk-single-sat.c:154: Can not update non-existing sat
2025/06/27 22:12:04|1|gtk-single-sat.c:154: Can not update non-existing sat
2025/06/27 22:12:04|1|gtk-single-sat.c:154: Can not update non-existing sat
2025/06/27 22:12:04|1|gtk-single-sat.c:154: Can not update non-existing sat
2025/06/27 22:12:04|1|gtk-single-sat.c:154: Can not update non-existing sat
2025/06/27 22:12:04|1|gtk-single-sat.c:154: Can not update non-existing sat
2025/06/27 22:12:04|1|gtk-single-sat.c:154: Can not update non-existing sat
2025/06/27 22:12:04|1|gtk-single-sat.c:154: Can not update non-existing sat
2025/06/27 22:12:04|1|gtk-single-sat.c:154: Can not update non-existing sat
2025/06/27 22:12:04|1|gtk-single-sat.c:154: Can not update non-existing sat
2025/06/27 22:12:04|1|gtk-single-sat.c:154: Can not update non-existing sat
2025/06/27 22:12:04|1|gtk-single-sat.c:154: Can not update non-existing sat
2025/06/27 22:12:04|1|gtk-single-sat.c:154: Can not update non-existing sat
2025/06/27 22:12:04|1|gtk-single-sat.c:154: Can not update non-existing sat
2025/06/27 22:12:04|1|gtk-single-sat.c:154: Can not update non-existing sat
2025/06/27 22:12:04|1|gtk-single-sat.c:154: Can not update non-existing sat
2025/06/27 22:12:04|1|gtk-single-sat.c:154: Can not update non-existing sat
2025/06/27 22:12:04|1|gtk-single-sat.c:154: Can not update non-existing sat
2025/06/27 22:12:04|1|gtk-single-sat.c:154: Can not update non-existing sat
2025/06/27 22:12:04|1|gtk-single-sat.c:154: Can not update non-existing sat
2025/06/27 22:12:04|1|gtk-single-sat.c:154: Can not update non-existing sat
2025/06/27 22:12:04|1|gtk-single-sat.c:154: Can not update non-existing sat
2025/06/27 22:12:04|1|gtk-single-sat.c:154: Can not update non-existing sat
2025/06/27 22:12:04|1|gtk-single-sat.c:154: Can not update non-existing sat
2025/06/27 22:12:04|1|gtk-single-sat.c:154: Can not update non-existing sat
2025/06/27 22:12:04|1|gtk-single-sat.c:154: Can not update non-existing sat
2025/06/27 22:12:04|1|gtk-single-sat.c:154: Can not update non-existing sat
2025/06/27 22:12:04|1|gtk-single-sat.c:154: Can not update non-existing sat
2025/06/27 22:12:04|1|gtk-single-sat.c:154: Can not update non-existing sat
2025/06/27 22:12:04|1|gtk-single-sat.c:154: Can not update non-existing sat
2025/06/27 22:12:04|1|gtk-single-sat.c:154: Can not update non-existing sat
2025/06/27 22:12:05|1|gtk-single-sat.c:154: Can not update non-existing sat
2025/06/27 22:12:05|1|gtk-single-sat.c:154: Can not update non-existing sat
2025/06/27 22:12:05|1|gtk-single-sat.c:154: Can not update non-existing sat
2025/06/27 22:12:05|1|gtk-single-sat.c:154: Can not update non-existing sat
2025/06/27 22:12:05|1|gtk-single-sat.c:154: Can not update non-existing sat
2025/06/27 22:12:05|1|gtk-single-sat.c:154: Can not update non-existing sat
2025/06/27 22:12:05|1|gtk-single-sat.c:154: Can not update non-existing sat
2025/06/27 22:12:05|1|gtk-single-sat.c:154: Can not update non-existing sat
2025/06/27 22:12:05|1|gtk-single-sat.c:154: Can not update non-existing sat
2025/06/27 22:12:05|1|gtk-single-sat.c:154: Can not update non-existing sat
2025/06/27 22:12:05|1|gtk-single-sat.c:154: Can not update non-existing sat
2025/06/27 22:12:05|1|gtk-single-sat.c:154: Can not update non-existing sat
2025/06/27 22:12:05|1|gtk-single-sat.c:154: Can not update non-existing sat
2025/06/27 22:12:05|1|gtk-single-sat.c:154: Can not update non-existing sat
2025/06/27 22:12:05|1|gtk-single-sat.c:154: Can not update non-existing sat
2025/06/27 22:12:05|1|gtk-single-sat.c:154: Can not update non-existing sat
2025/06/27 22:12:05|1|gtk-single-sat.c:154: Can not update non-existing sat
2025/06/27 22:12:05|1|gtk-single-sat.c:154: Can not update non-existing sat
2025/06/27 22:12:05|1|gtk-single-sat.c:154: Can not update non-existing sat
2025/06/27 22:12:05|1|gtk-single-sat.c:154: Can not update non-existing sat
2025/06/27 22:12:05|1|gtk-single-sat.c:154: Can not update non-existing sat
2025/06/27 22:12:05|1|gtk-single-sat.c:154: Can not update non-existing sat
2025/06/27 22:12:05|1|gtk-single-sat.c:154: Can not update non-existing sat
2025/06/27 22:12:05|1|gtk-single-sat.c:154: Can not update non-existing sat
2025/06/27 22:12:05|1|gtk-single-sat.c:154: Can not update non-existing sat
2025/06/27 22:12:05|1|gtk-single-sat.c:154: Can not update non-existing sat
2025/06/27 22:12:05|1|gtk-single-sat.c:154: Can not update non-existing sat
2025/06/27 22:12:05|1|gtk-single-sat.c:154: Can not update non-existing sat
2025/06/27 22:12:05|1|gtk-single-sat.c:154: Can not update non-existing sat
2025/06/27 22:12:05|1|gtk-single-sat.c:154: Can not update non-existing sat
2025/06/27 22:12:05|1|gtk-single-sat.c:154: Can not update non-existing sat
2025/06/27 22:12:05|1|gtk-single-sat.c:154: Can not update non-existing sat
2025/06/27 22:12:05|1|gtk-single-sat.c:154: Can not update non-existing sat
2025/06/27 22:12:05|1|gtk-single-sat.c:154: Can not update non-existing sat
2025/06/27 22:12:05|1|gtk-single-sat.c:154: Can not update non-existing sat
2025/06/27 22:12:05|1|gtk-single-sat.c:154: Can not update non-existing sat
2025/06/27 22:12:05|1|gtk-single-sat.c:154: Can not update non-existing sat
2025/06/27 22:12:05|1|gtk-single-sat.c:154: Can not update non-existing sat
2025/06/27 22:12:05|1|gtk-single-sat.c:154: Can not update non-existing sat
2025/06/27 22:12:05|1|gtk-single-sat.c:154: Can not update non-existing sat
2025/06/27 22:12:05|1|gtk-single-sat.c:154: Can not update non-existing sat
2025/06/27 22:12:05|1|gtk-single-sat.c:154: Can not update non-existing sat
2025/06/27 22:12:05|1|gtk-single-sat.c:154: Can not update non-existing sat
2025/06/27 22:12:05|1|gtk-single-sat.c:154: Can not update non-existing sat
2025/06/27 22:12:05|1|gtk-single-sat.c:154: Can not update non-existing sat
2025/06/27 22:12:05|1|gtk-single-sat.c:154: Can not update non-existing sat
2025/06/27 22:12:05|1|gtk-single-sat.c:154: Can not update non-existing sat
2025/06/27 22:12:05|1|gtk-single-sat.c:154: Can not update non-existing sat
2025/06/27 22:12:05|1|gtk-single-sat.c:154: Can not update non-existing sat
2025/06/27 22:12:05|1|gtk-single-sat.c:154: Can not update non-existing sat
2025/06/27 22:12:05|1|gtk-single-sat.c:154: Can not update non-existing sat
2025/06/27 22:12:05|1|gtk-single-sat.c:154: Can not update non-existing sat
2025/06/27 22:12:05|1|gtk-single-sat.c:154: Can not update non-existing sat
2025/06/27 22:12:05|1|gtk-single-sat.c:154: Can not update non-existing sat
2025/06/27 22:12:05|1|gtk-single-sat.c:154: Can not update non-existing sat
2025/06/27 22:12:05|1|gtk-single-sat.c:154: Can not update non-existing sat
2025/06/27 22:12:05|1|gtk-single-sat.c:154: Can not update non-existing sat
2025/06/27 22:12:05|1|gtk-single-sat.c:154: Can not update non-existing sat
2025/06/27 22:12:05|1|gtk-single-sat.c:154: Can not update non-existing sat
2025/06/27 22:12:05|1|gtk-single-sat.c:154: Can not update non-existing sat
2025/06/27 22:12:05|1|gtk-single-sat.c:154: Can not update non-existing sat
2025/06/27 22:12:05|1|gtk-single-sat.c:154: Can not update non-existing sat
2025/06/27 22:12:05|1|gtk-single-sat.c:154: Can not update non-existing sat
2025/06/27 22:12:05|1|gtk-single-sat.c:154: Can not update non-existing sat
2025/06/27 22:12:06|1|gtk-single-sat.c:154: Can not update non-existing sat
2025/06/27 22:12:06|1|gtk-single-sat.c:154: Can not update non-existing sat
2025/06/27 22:12:06|1|gtk-single-sat.c:154: Can not update non-existing sat
2025/06/27 22:12:06|1|gtk-single-sat.c:154: Can not update non-existing sat
2025/06/27 22:12:06|1|gtk-single-sat.c:154: Can not update non-existing sat
2025/06/27 22:12:06|1|gtk-single-sat.c:154: Can not update non-existing sat
2025/06/27 22:12:06|1|gtk-single-sat.c:154: Can not update non-existing sat
2025/06/27 22:12:06|1|gtk-single-sat.c:154: Can not update non-existing sat
2025/06/27 22:12:06|1|gtk-single-sat.c:154: Can not update non-existing sat
2025/06/27 22:12:06|1|gtk-single-sat.c:154: Can not update non-existing sat
2025/06/27 22:12:06|1|gtk-single-sat.c:154: Can not update non-existing sat
2025/06/27 22:12:06|1|gtk-single-sat.c:154: Can not update non-existing sat
2025/06/27 22:12:06|1|gtk-single-sat.c:154: Can not update non-existing sat
2025/06/27 22:12:06|1|gtk-single-sat.c:154: Can not update non-existing sat
2025/06/27 22:12:06|1|gtk-single-sat.c:154: Can not update non-existing sat
2025/06/27 22:12:06|1|gtk-single-sat.c:154: Can not update non-existing sat
2025/06/27 22:12:06|1|gtk-single-sat.c:154: Can not update non-existing sat
2025/06/27 22:12:06|1|gtk-single-sat.c:154: Can not update non-existing sat
2025/06/27 22:12:06|1|gtk-single-sat.c:154: Can not update non-existing sat
2025/06/27 22:12:06|1|gtk-single-sat.c:154: Can not update non-existing sat
2025/06/27 22:12:06|1|gtk-single-sat.c:154: Can not update non-existing sat
2025/06/27 22:12:06|1|gtk-single-sat.c:154: Can not update non-existing sat
2025/06/27 22:12:06|1|gtk-single-sat.c:154: Can not update non-existing sat
2025/06/27 22:12:06|1|gtk-single-sat.c:154: Can not update non-existing sat
2025/06/27 22:12:06|1|gtk-single-sat.c:154: Can not update non-existing sat
2025/06/27 22:12:06|1|gtk-single-sat.c:154: Can not update non-existing sat
2025/06/27 22:12:06|1|gtk-single-sat.c:154: Can not update non-existing sat
2025/06/27 22:12:06|1|gtk-single-sat.c:154: Can not update non-existing sat
2025/06/27 22:12:06|1|gtk-single-sat.c:154: Can not update non-existing sat
2025/06/27 22:12:06|1|gtk-single-sat.c:154: Can not update non-existing sat
2025/06/27 22:12:06|1|gtk-single-sat.c:154: Can not update non-existing sat
2025/06/27 22:12:06|1|gtk-single-sat.c:154: Can not update non-existing sat
2025/06/27 22:12:06|1|gtk-single-sat.c:154: Can not update non-existing sat
2025/06/27 22:12:06|1|gtk-single-sat.c:154: Can not update non-existing sat
2025/06/27 22:12:06|1|gtk-single-sat.c:154: Can not update non-existing sat
2025/06/27 22:12:06|1|gtk-single-sat.c:154: Can not update non-existing sat
2025/06/27 22:12:06|1|gtk-single-sat.c:154: Can not update non-existing sat
2025/06/27 22:12:06|1|gtk-single-sat.c:154: Can not update non-existing sat
2025/06/27 22:12:06|1|gtk-single-sat.c:154: Can not update non-existing sat
2025/06/27 22:12:06|1|gtk-single-sat.c:154: Can not update non-existing sat
2025/06/27 22:12:06|1|gtk-single-sat.c:154: Can not update non-existing sat
2025/06/27 22:12:06|1|gtk-single-sat.c:154: Can not update non-existing sat
2025/06/27 22:12:06|1|gtk-single-sat.c:154: Can not update non-existing sat
2025/06/27 22:12:06|1|gtk-single-sat.c:154: Can not update non-existing sat
2025/06/27 22:12:06|1|gtk-single-sat.c:154: Can not update non-existing sat
2025/06/27 22:12:06|1|gtk-single-sat.c:154: Can not update non-existing sat
2025/06/27 22:12:06|1|gtk-single-sat.c:154: Can not update non-existing sat
2025/06/27 22:12:06|1|gtk-single-sat.c:154: Can not update non-existing sat
2025/06/27 22:12:07|1|gtk-single-sat.c:154: Can not update non-existing sat
2025/06/27 22:12:07|1|gtk-single-sat.c:154: Can not update non-existing sat
2025/06/27 22:12:07|1|gtk-single-sat.c:154: Can not update non-existing sat
2025/06/27 22:12:07|1|gtk-single-sat.c:154: Can not update non-existing sat
2025/06/27 22:12:07|1|gtk-single-sat.c:154: Can not update non-existing sat
2025/06/27 22:12:07|1|gtk-single-sat.c:154: Can not update non-existing sat
2025/06/27 22:12:07|1|gtk-single-sat.c:154: Can not update non-existing sat
2025/06/27 22:12:07|1|gtk-single-sat.c:154: Can not update non-existing sat
2025/06/27 22:12:07|1|gtk-single-sat.c:154: Can not update non-existing sat
2025/06/27 22:12:07|1|gtk-single-sat.c:154: Can not update non-existing sat
2025/06/27 22:12:07|1|gtk-single-sat.c:154: Can not update non-existing sat
2025/06/27 22:12:07|1|gtk-single-sat.c:154: Can not update non-existing sat
2025/06/27 22:12:07|1|gtk-single-sat.c:154: Can not update non-existing sat
2025/06/27 22:12:07|1|gtk-single-sat.c:154: Can not update non-existing sat
2025/06/27 22:12:07|1|gtk-single-sat.c:154: Can not update non-existing sat
2025/06/27 22:12:07|1|gtk-single-sat.c:154: Can not update non-existing sat
2025/06/27 22:12:07|1|gtk-single-sat.c:154: Can not update non-existing sat
2025/06/27 22:12:07|1|gtk-single-sat.c:154: Can not update non-existing sat
2025/06/27 22:12:07|1|gtk-single-sat.c:154: Can not update non-existing sat
2025/06/27 22:12:07|1|gtk-single-sat.c:154: Can not update non-existing sat
2025/06/27 22:12:07|1|gtk-single-sat.c:154: Can not update non-existing sat
2025/06/27 22:12:07|1|gtk-single-sat.c:154: Can not update non-existing sat
2025/06/27 22:12:07|1|gtk-single-sat.c:154: Can not update non-existing sat
2025/06/27 22:12:07|1|gtk-single-sat.c:154: Can not update non-existing sat
2025/06/27 22:12:07|1|gtk-single-sat.c:154: Can not update non-existing sat
2025/06/27 22:12:07|1|gtk-single-sat.c:154: Can not update non-existing sat
2025/06/27 22:12:07|1|gtk-single-sat.c:154: Can not update non-existing sat
2025/06/27 22:12:07|1|gtk-single-sat.c:154: Can not update non-existing sat
2025/06/27 22:12:07|1|gtk-single-sat.c:154: Can not update non-existing sat
2025/06/27 22:12:07|1|gtk-single-sat.c:154: Can not update non-existing sat
2025/06/27 22:12:07|1|gtk-single-sat.c:154: Can not update non-existing sat
2025/06/27 22:12:07|1|gtk-single-sat.c:154: Can not update non-existing sat
2025/06/27 22:12:07|1|gtk-single-sat.c:154: Can not update non-existing sat
2025/06/27 22:12:07|1|gtk-single-sat.c:154: Can not update non-existing sat
2025/06/27 22:12:07|1|gtk-single-sat.c:154: Can not update non-existing sat
2025/06/27 22:12:07|1|gtk-single-sat.c:154: Can not update non-existing sat
2025/06/27 22:12:07|1|gtk-single-sat.c:154: Can not update non-existing sat
2025/06/27 22:12:07|1|gtk-single-sat.c:154: Can not update non-existing sat
2025/06/27 22:12:07|1|gtk-single-sat.c:154: Can not update non-existing sat
2025/06/27 22:12:07|1|gtk-single-sat.c:154: Can not update non-existing sat
2025/06/27 22:12:07|1|gtk-single-sat.c:154: Can not update non-existing sat
2025/06/27 22:12:07|1|gtk-single-sat.c:154: Can not update non-existing sat
2025/06/27 22:12:07|1|gtk-single-sat.c:154: Can not update non-existing sat
2025/06/27 22:12:07|1|gtk-single-sat.c:154: Can not update non-existing sat
2025/06/27 22:12:07|1|gtk-single-sat.c:154: Can not update non-existing sat
2025/06/27 22:12:07|1|gtk-single-sat.c:154: Can not update non-existing sat
2025/06/27 22:12:07|1|gtk-single-sat.c:154: Can not update non-existing sat
2025/06/27 22:12:07|1|gtk-single-sat.c:154: Can not update non-existing sat
2025/06/27 22:12:08|1|gtk-single-sat.c:154: Can not update non-existing sat
2025/06/27 22:12:08|1|gtk-single-sat.c:154: Can not update non-existing sat
2025/06/27 22:12:08|1|gtk-single-sat.c:154: Can not update non-existing sat
2025/06/27 22:12:08|1|gtk-single-sat.c:154: Can not update non-existing sat
2025/06/27 22:12:08|1|gtk-single-sat.c:154: Can not update non-existing sat
2025/06/27 22:12:08|1|gtk-single-sat.c:154: Can not update non-existing sat
2025/06/27 22:12:08|1|gtk-single-sat.c:154: Can not update non-existing sat
2025/06/27 22:12:08|1|gtk-single-sat.c:154: Can not update non-existing sat
2025/06/27 22:12:08|1|gtk-single-sat.c:154: Can not update non-existing sat
2025/06/27 22:12:08|1|gtk-single-sat.c:154: Can not update non-existing sat
2025/06/27 22:12:08|1|gtk-single-sat.c:154: Can not update non-existing sat
2025/06/27 22:12:08|1|gtk-single-sat.c:154: Can not update non-existing sat
2025/06/27 22:12:08|1|gtk-single-sat.c:154: Can not update non-existing sat
2025/06/27 22:12:08|1|gtk-single-sat.c:154: Can not update non-existing sat
2025/06/27 22:12:08|1|gtk-single-sat.c:154: Can not update non-existing sat
2025/06/27 22:12:08|1|gtk-single-sat.c:154: Can not update non-existing sat
2025/06/27 22:12:08|1|gtk-single-sat.c:154: Can not update non-existing sat
2025/06/27 22:12:08|1|gtk-single-sat.c:154: Can not update non-existing sat
2025/06/27 22:12:08|1|gtk-single-sat.c:154: Can not update non-existing sat
2025/06/27 22:12:08|1|gtk-single-sat.c:154: Can not update non-existing sat
2025/06/27 22:12:08|1|gtk-single-sat.c:154: Can not update non-existing sat
2025/06/27 22:12:08|1|gtk-single-sat.c:154: Can not update non-existing sat
2025/06/27 22:12:08|1|gtk-single-sat.c:154: Can not update non-existing sat
2025/06/27 22:12:08|1|gtk-single-sat.c:154: Can not update non-existing sat
2025/06/27 22:12:08|1|gtk-single-sat.c:154: Can not update non-existing sat
2025/06/27 22:12:08|1|gtk-single-sat.c:154: Can not update non-existing sat
2025/06/27 22:12:08|1|gtk-single-sat.c:154: Can not update non-existing sat
2025/06/27 22:12:08|1|gtk-single-sat.c:154: Can not update non-existing sat
2025/06/27 22:12:08|1|gtk-single-sat.c:154: Can not update non-existing sat
2025/06/27 22:12:08|1|gtk-single-sat.c:154: Can not update non-existing sat
2025/06/27 22:12:08|1|gtk-single-sat.c:154: Can not update non-existing sat
2025/06/27 22:12:08|1|gtk-single-sat.c:154: Can not update non-existing sat
2025/06/27 22:12:08|1|gtk-single-sat.c:154: Can not update non-existing sat
2025/06/27 22:12:08|1|gtk-single-sat.c:154: Can not update non-existing sat
2025/06/27 22:12:08|1|gtk-single-sat.c:154: Can not update non-existing sat
2025/06/27 22:12:08|1|gtk-single-sat.c:154: Can not update non-existing sat
2025/06/27 22:12:08|1|gtk-single-sat.c:154: Can not update non-existing sat
2025/06/27 22:12:08|1|gtk-single-sat.c:154: Can not update non-existing sat
2025/06/27 22:12:08|1|gtk-single-sat.c:154: Can not update non-existing sat
2025/06/27 22:12:08|1|gtk-single-sat.c:154: Can not update non-existing sat
2025/06/27 22:12:08|1|gtk-single-sat.c:154: Can not update non-existing sat
2025/06/27 22:12:08|1|gtk-single-sat.c:154: Can not update non-existing sat
2025/06/27 22:12:08|1|gtk-single-sat.c:154: Can not update non-existing sat
2025/06/27 22:12:08|1|gtk-single-sat.c:154: Can not update non-existing sat
2025/06/27 22:12:08|1|gtk-single-sat.c:154: Can not update non-existing sat
2025/06/27 22:12:08|1|gtk-single-sat.c:154: Can not update non-existing sat
2025/06/27 22:12:08|1|gtk-single-sat.c:154: Can not update non-existing sat
2025/06/27 22:12:08|1|gtk-single-sat.c:154: Can not update non-existing sat
2025/06/27 22:12:08|1|gtk-single-sat.c:154: Can not update non-existing sat
2025/06/27 22:12:08|1|gtk-single-sat.c:154: Can not update non-existing sat
2025/06/27 22:12:08|1|gtk-single-sat.c:154: Can not update non-existing sat
2025/06/27 22:12:08|1|gtk-single-sat.c:154: Can not update non-existing sat
2025/06/27 22:12:08|1|gtk-single-sat.c:154: Can not update non-existing sat
2025/06/27 22:12:08|1|gtk-single-sat.c:154: Can not update non-existing sat
2025/06/27 22:12:08|1|gtk-single-sat.c:154: Can not update non-existing sat
2025/06/27 22:12:08|1|gtk-single-sat.c:154: Can not update non-existing sat
2025/06/27 22:12:08|1|gtk-single-sat.c:154: Can not update non-existing sat
2025/06/27 22:12:08|1|gtk-single-sat.c:154: Can not update non-existing sat
2025/06/27 22:12:08|1|gtk-single-sat.c:154: Can not update non-existing sat
2025/06/27 22:12:08|1|gtk-single-sat.c:154: Can not update non-existing sat
2025/06/27 22:12:08|1|gtk-single-sat.c:154: Can not update non-existing sat
2025/06/27 22:12:08|1|gtk-single-sat.c:154: Can not update non-existing sat
2025/06/27 22:12:08|1|gtk-single-sat.c:154: Can not update non-existing sat
2025/06/27 22:12:08|1|gtk-single-sat.c:154: Can not update non-existing sat
2025/06/27 22:12:09|1|gtk-single-sat.c:154: Can not update non-existing sat
2025/06/27 22:12:09|1|gtk-single-sat.c:154: Can not update non-existing sat
2025/06/27 22:12:09|1|gtk-single-sat.c:154: Can not update non-existing sat
2025/06/27 22:12:09|1|gtk-single-sat.c:154: Can not update non-existing sat
2025/06/27 22:12:09|1|gtk-single-sat.c:154: Can not update non-existing sat
2025/06/27 22:12:09|1|gtk-single-sat.c:154: Can not update non-existing sat
2025/06/27 22:12:09|1|gtk-single-sat.c:154: Can not update non-existing sat
2025/06/27 22:12:09|1|gtk-single-sat.c:154: Can not update non-existing sat
2025/06/27 22:12:09|1|gtk-single-sat.c:154: Can not update non-existing sat
2025/06/27 22:12:09|1|gtk-single-sat.c:154: Can not update non-existing sat
2025/06/27 22:12:09|1|gtk-single-sat.c:154: Can not update non-existing sat
2025/06/27 22:12:09|1|gtk-single-sat.c:154: Can not update non-existing sat
2025/06/27 22:12:09|1|gtk-single-sat.c:154: Can not update non-existing sat
2025/06/27 22:12:09|1|gtk-single-sat.c:154: Can not update non-existing sat
2025/06/27 22:12:09|1|gtk-single-sat.c:154: Can not update non-existing sat
2025/06/27 22:12:09|1|gtk-single-sat.c:154: Can not update non-existing sat
2025/06/27 22:12:09|1|gtk-single-sat.c:154: Can not update non-existing sat
2025/06/27 22:12:09|1|gtk-single-sat.c:154: Can not update non-existing sat
2025/06/27 22:12:09|1|gtk-single-sat.c:154: Can not update non-existing sat
2025/06/27 22:12:09|1|gtk-single-sat.c:154: Can not update non-existing sat
2025/06/27 22:12:09|1|gtk-single-sat.c:154: Can not update non-existing sat
2025/06/27 22:12:09|1|gtk-single-sat.c:154: Can not update non-existing sat
2025/06/27 22:12:09|1|gtk-single-sat.c:154: Can not update non-existing sat
2025/06/27 22:12:09|1|gtk-single-sat.c:154: Can not update non-existing sat
2025/06/27 22:12:09|1|gtk-single-sat.c:154: Can not update non-existing sat
2025/06/27 22:12:09|1|gtk-single-sat.c:154: Can not update non-existing sat
2025/06/27 22:12:09|1|gtk-single-sat.c:154: Can not update non-existing sat
2025/06/27 22:12:09|1|gtk-single-sat.c:154: Can not update non-existing sat
2025/06/27 22:12:09|1|gtk-single-sat.c:154: Can not update non-existing sat
2025/06/27 22:12:09|1|gtk-single-sat.c:154: Can not update non-existing sat
2025/06/27 22:12:09|1|gtk-single-sat.c:154: Can not update non-existing sat
2025/06/27 22:12:09|1|gtk-single-sat.c:154: Can not update non-existing sat
2025/06/27 22:12:09|1|gtk-single-sat.c:154: Can not update non-existing sat
2025/06/27 22:12:09|1|gtk-single-sat.c:154: Can not update non-existing sat
2025/06/27 22:12:09|1|gtk-single-sat.c:154: Can not update non-existing sat
2025/06/27 22:12:09|1|gtk-single-sat.c:154: Can not update non-existing sat
2025/06/27 22:12:09|1|gtk-single-sat.c:154: Can not update non-existing sat
2025/06/27 22:12:09|1|gtk-single-sat.c:154: Can not update non-existing sat
2025/06/27 22:12:09|1|gtk-single-sat.c:154: Can not update non-existing sat
2025/06/27 22:12:09|1|gtk-single-sat.c:154: Can not update non-existing sat
2025/06/27 22:12:09|1|gtk-single-sat.c:154: Can not update non-existing sat
2025/06/27 22:12:09|1|gtk-single-sat.c:154: Can not update non-existing sat
2025/06/27 22:12:09|1|gtk-single-sat.c:154: Can not update non-existing sat
2025/06/27 22:12:09|1|gtk-single-sat.c:154: Can not update non-existing sat
2025/06/27 22:12:09|1|gtk-single-sat.c:154: Can not update non-existing sat
2025/06/27 22:12:09|1|gtk-single-sat.c:154: Can not update non-existing sat
2025/06/27 22:12:09|1|gtk-single-sat.c:154: Can not update non-existing sat
2025/06/27 22:12:09|1|gtk-single-sat.c:154: Can not update non-existing sat
2025/06/27 22:12:10|1|gtk-single-sat.c:154: Can not update non-existing sat
2025/06/27 22:12:10|1|gtk-single-sat.c:154: Can not update non-existing sat
2025/06/27 22:12:10|1|gtk-single-sat.c:154: Can not update non-existing sat
2025/06/27 22:12:10|1|gtk-single-sat.c:154: Can not update non-existing sat
2025/06/27 22:12:10|1|gtk-single-sat.c:154: Can not update non-existing sat
2025/06/27 22:12:10|1|gtk-single-sat.c:154: Can not update non-existing sat
2025/06/27 22:12:10|1|gtk-single-sat.c:154: Can not update non-existing sat
2025/06/27 22:12:10|1|gtk-single-sat.c:154: Can not update non-existing sat
2025/06/27 22:12:10|1|gtk-single-sat.c:154: Can not update non-existing sat
2025/06/27 22:12:10|1|gtk-single-sat.c:154: Can not update non-existing sat
2025/06/27 22:12:10|1|gtk-single-sat.c:154: Can not update non-existing sat
2025/06/27 22:12:10|1|gtk-single-sat.c:154: Can not update non-existing sat
2025/06/27 22:12:10|1|gtk-single-sat.c:154: Can not update non-existing sat
2025/06/27 22:12:10|1|gtk-single-sat.c:154: Can not update non-existing sat
2025/06/27 22:12:10|1|gtk-single-sat.c:154: Can not update non-existing sat
2025/06/27 22:12:10|1|gtk-single-sat.c:154: Can not update non-existing sat
2025/06/27 22:12:10|1|gtk-single-sat.c:154: Can not update non-existing sat
2025/06/27 22:12:10|1|gtk-single-sat.c:154: Can not update non-existing sat
2025/06/27 22:12:10|1|gtk-single-sat.c:154: Can not update non-existing sat
2025/06/27 22:12:10|1|gtk-single-sat.c:154: Can not update non-existing sat
2025/06/27 22:12:10|1|gtk-single-sat.c:154: Can not update non-existing sat
2025/06/27 22:12:10|1|gtk-single-sat.c:154: Can not update non-existing sat
2025/06/27 22:12:10|1|gtk-single-sat.c:154: Can not update non-existing sat
2025/06/27 22:12:10|1|gtk-single-sat.c:154: Can not update non-existing sat
2025/06/27 22:12:10|1|gtk-single-sat.c:154: Can not update non-existing sat
2025/06/27 22:12:10|1|gtk-single-sat.c:154: Can not update non-existing sat
2025/06/27 22:12:10|1|gtk-single-sat.c:154: Can not update non-existing sat
2025/06/27 22:12:10|1|gtk-single-sat.c:154: Can not update non-existing sat
2025/06/27 22:12:10|1|gtk-single-sat.c:154: Can not update non-existing sat
2025/06/27 22:12:10|1|gtk-single-sat.c:154: Can not update non-existing sat
2025/06/27 22:12:10|1|gtk-single-sat.c:154: Can not update non-existing sat
2025/06/27 22:12:10|1|gtk-single-sat.c:154: Can not update non-existing sat
2025/06/27 22:12:10|1|gtk-single-sat.c:154: Can not update non-existing sat
2025/06/27 22:12:10|1|gtk-single-sat.c:154: Can not update non-existing sat
2025/06/27 22:12:10|1|gtk-single-sat.c:154: Can not update non-existing sat
2025/06/27 22:12:10|1|gtk-single-sat.c:154: Can not update non-existing sat
2025/06/27 22:12:10|1|gtk-single-sat.c:154: Can not update non-existing sat
2025/06/27 22:12:10|1|gtk-single-sat.c:154: Can not update non-existing sat
2025/06/27 22:12:10|1|gtk-single-sat.c:154: Can not update non-existing sat
2025/06/27 22:12:10|1|gtk-single-sat.c:154: Can not update non-existing sat
2025/06/27 22:12:10|1|gtk-single-sat.c:154: Can not update non-existing sat
2025/06/27 22:12:10|1|gtk-single-sat.c:154: Can not update non-existing sat
2025/06/27 22:12:10|1|gtk-single-sat.c:154: Can not update non-existing sat
2025/06/27 22:12:10|1|gtk-single-sat.c:154: Can not update non-existing sat
2025/06/27 22:12:10|1|gtk-single-sat.c:154: Can not update non-existing sat
2025/06/27 22:12:10|1|gtk-single-sat.c:154: Can not update non-existing sat
2025/06/27 22:12:10|1|gtk-single-sat.c:154: Can not update non-existing sat
2025/06/27 22:12:10|1|gtk-single-sat.c:154: Can not update non-existing sat
2025/06/27 22:12:11|1|gtk-single-sat.c:154: Can not update non-existing sat
2025/06/27 22:12:11|1|gtk-single-sat.c:154: Can not update non-existing sat
2025/06/27 22:12:11|1|gtk-single-sat.c:154: Can not update non-existing sat
2025/06/27 22:12:11|1|gtk-single-sat.c:154: Can not update non-existing sat
2025/06/27 22:12:11|1|gtk-single-sat.c:154: Can not update non-existing sat
2025/06/27 22:12:11|1|gtk-single-sat.c:154: Can not update non-existing sat
2025/06/27 22:12:11|1|gtk-single-sat.c:154: Can not update non-existing sat
2025/06/27 22:12:11|1|gtk-single-sat.c:154: Can not update non-existing sat
2025/06/27 22:12:11|1|gtk-single-sat.c:154: Can not update non-existing sat
2025/06/27 22:12:11|1|gtk-single-sat.c:154: Can not update non-existing sat
2025/06/27 22:12:11|1|gtk-single-sat.c:154: Can not update non-existing sat
2025/06/27 22:12:11|1|gtk-single-sat.c:154: Can not update non-existing sat
2025/06/27 22:12:11|1|gtk-single-sat.c:154: Can not update non-existing sat
2025/06/27 22:12:11|1|gtk-single-sat.c:154: Can not update non-existing sat
2025/06/27 22:12:11|1|gtk-single-sat.c:154: Can not update non-existing sat
2025/06/27 22:12:11|1|gtk-single-sat.c:154: Can not update non-existing sat
2025/06/27 22:12:11|1|gtk-single-sat.c:154: Can not update non-existing sat
2025/06/27 22:12:11|1|gtk-single-sat.c:154: Can not update non-existing sat
2025/06/27 22:12:11|1|gtk-single-sat.c:154: Can not update non-existing sat
2025/06/27 22:12:11|1|gtk-single-sat.c:154: Can not update non-existing sat
2025/06/27 22:12:11|1|gtk-single-sat.c:154: Can not update non-existing sat
2025/06/27 22:12:11|1|gtk-single-sat.c:154: Can not update non-existing sat
2025/06/27 22:12:11|1|gtk-single-sat.c:154: Can not update non-existing sat
2025/06/27 22:12:11|1|gtk-single-sat.c:154: Can not update non-existing sat
2025/06/27 22:12:11|1|gtk-single-sat.c:154: Can not update non-existing sat
2025/06/27 22:12:11|1|gtk-single-sat.c:154: Can not update non-existing sat
2025/06/27 22:12:11|1|gtk-single-sat.c:154: Can not update non-existing sat
2025/06/27 22:12:11|1|gtk-single-sat.c:154: Can not update non-existing sat
2025/06/27 22:12:11|1|gtk-single-sat.c:154: Can not update non-existing sat
2025/06/27 22:12:11|1|gtk-single-sat.c:154: Can not update non-existing sat
2025/06/27 22:12:11|1|gtk-single-sat.c:154: Can not update non-existing sat
2025/06/27 22:12:11|1|gtk-single-sat.c:154: Can not update non-existing sat
2025/06/27 22:12:11|1|gtk-single-sat.c:154: Can not update non-existing sat
2025/06/27 22:12:11|1|gtk-single-sat.c:154: Can not update non-existing sat
2025/06/27 22:12:11|1|gtk-single-sat.c:154: Can not update non-existing sat
2025/06/27 22:12:11|1|gtk-single-sat.c:154: Can not update non-existing sat
2025/06/27 22:12:11|1|gtk-single-sat.c:154: Can not update non-existing sat
2025/06/27 22:12:11|1|gtk-single-sat.c:154: Can not update non-existing sat
2025/06/27 22:12:11|1|gtk-single-sat.c:154: Can not update non-existing sat
2025/06/27 22:12:11|1|gtk-single-sat.c:154: Can not update non-existing sat
2025/06/27 22:12:11|1|gtk-single-sat.c:154: Can not update non-existing sat
2025/06/27 22:12:11|1|gtk-single-sat.c:154: Can not update non-existing sat
2025/06/27 22:12:11|1|gtk-single-sat.c:154: Can not update non-existing sat
2025/06/27 22:12:11|1|gtk-single-sat.c:154: Can not update non-existing sat
2025/06/27 22:12:11|1|gtk-single-sat.c:154: Can not update non-existing sat
2025/06/27 22:12:11|1|gtk-single-sat.c:154: Can not update non-existing sat
2025/06/27 22:12:11|1|gtk-single-sat.c:154: Can not update non-existing sat
2025/06/27 22:12:11|1|gtk-single-sat.c:154: Can not update non-existing sat
2025/06/27 22:12:11|1|gtk-single-sat.c:154: Can not update non-existing sat
2025/06/27 22:12:11|1|gtk-single-sat.c:154: Can not update non-existing sat
2025/06/27 22:12:11|1|gtk-single-sat.c:154: Can not update non-existing sat
2025/06/27 22:12:11|1|gtk-single-sat.c:154: Can not update non-existing sat
2025/06/27 22:12:11|1|gtk-single-sat.c:154: Can not update non-existing sat
2025/06/27 22:12:11|1|gtk-single-sat.c:154: Can not update non-existing sat
2025/06/27 22:12:11|1|gtk-single-sat.c:154: Can not update non-existing sat
2025/06/27 22:12:11|1|gtk-single-sat.c:154: Can not update non-existing sat
2025/06/27 22:12:11|1|gtk-single-sat.c:154: Can not update non-existing sat
2025/06/27 22:12:11|1|gtk-single-sat.c:154: Can not update non-existing sat
2025/06/27 22:12:11|1|gtk-single-sat.c:154: Can not update non-existing sat
2025/06/27 22:12:11|1|gtk-single-sat.c:154: Can not update non-existing sat
2025/06/27 22:12:11|1|gtk-single-sat.c:154: Can not update non-existing sat
2025/06/27 22:12:11|1|gtk-single-sat.c:154: Can not update non-existing sat
2025/06/27 22:12:11|1|gtk-single-sat.c:154: Can not update non-existing sat
2025/06/27 22:12:11|1|gtk-single-sat.c:154: Can not update non-existing sat
2025/06/27 22:12:12|1|gtk-single-sat.c:154: Can not update non-existing sat
2025/06/27 22:12:12|1|gtk-single-sat.c:154: Can not update non-existing sat
2025/06/27 22:12:12|1|gtk-single-sat.c:154: Can not update non-existing sat
2025/06/27 22:12:12|1|gtk-single-sat.c:154: Can not update non-existing sat
2025/06/27 22:12:12|1|gtk-single-sat.c:154: Can not update non-existing sat
2025/06/27 22:12:12|1|gtk-single-sat.c:154: Can not update non-existing sat
2025/06/27 22:12:12|1|gtk-single-sat.c:154: Can not update non-existing sat
2025/06/27 22:12:12|1|gtk-single-sat.c:154: Can not update non-existing sat
2025/06/27 22:12:12|1|gtk-single-sat.c:154: Can not update non-existing sat
2025/06/27 22:12:12|1|gtk-single-sat.c:154: Can not update non-existing sat
2025/06/27 22:12:12|1|gtk-single-sat.c:154: Can not update non-existing sat
2025/06/27 22:12:12|1|gtk-single-sat.c:154: Can not update non-existing sat
2025/06/27 22:12:12|1|gtk-single-sat.c:154: Can not update non-existing sat
2025/06/27 22:12:12|1|gtk-single-sat.c:154: Can not update non-existing sat
2025/06/27 22:12:12|1|gtk-single-sat.c:154: Can not update non-existing sat
2025/06/27 22:12:12|1|gtk-single-sat.c:154: Can not update non-existing sat
2025/06/27 22:12:12|1|gtk-single-sat.c:154: Can not update non-existing sat
2025/06/27 22:12:12|1|gtk-single-sat.c:154: Can not update non-existing sat
2025/06/27 22:12:12|1|gtk-single-sat.c:154: Can not update non-existing sat
2025/06/27 22:12:12|1|gtk-single-sat.c:154: Can not update non-existing sat
2025/06/27 22:12:12|1|gtk-single-sat.c:154: Can not update non-existing sat
2025/06/27 22:12:12|1|gtk-single-sat.c:154: Can not update non-existing sat
2025/06/27 22:12:12|1|gtk-single-sat.c:154: Can not update non-existing sat
2025/06/27 22:12:12|1|gtk-single-sat.c:154: Can not update non-existing sat
2025/06/27 22:12:12|1|gtk-single-sat.c:154: Can not update non-existing sat
2025/06/27 22:12:12|1|gtk-single-sat.c:154: Can not update non-existing sat
2025/06/27 22:12:12|1|gtk-single-sat.c:154: Can not update non-existing sat
2025/06/27 22:12:12|1|gtk-single-sat.c:154: Can not update non-existing sat
2025/06/27 22:12:12|1|gtk-single-sat.c:154: Can not update non-existing sat
2025/06/27 22:12:12|1|gtk-single-sat.c:154: Can not update non-existing sat
2025/06/27 22:12:12|1|gtk-single-sat.c:154: Can not update non-existing sat
2025/06/27 22:12:12|1|gtk-single-sat.c:154: Can not update non-existing sat
2025/06/27 22:12:12|1|gtk-single-sat.c:154: Can not update non-existing sat
2025/06/27 22:12:12|1|gtk-single-sat.c:154: Can not update non-existing sat
2025/06/27 22:12:12|1|gtk-single-sat.c:154: Can not update non-existing sat
2025/06/27 22:12:12|1|gtk-single-sat.c:154: Can not update non-existing sat
2025/06/27 22:12:12|1|gtk-single-sat.c:154: Can not update non-existing sat
2025/06/27 22:12:12|1|gtk-single-sat.c:154: Can not update non-existing sat
2025/06/27 22:12:12|1|gtk-single-sat.c:154: Can not update non-existing sat
2025/06/27 22:12:12|1|gtk-single-sat.c:154: Can not update non-existing sat
2025/06/27 22:12:12|1|gtk-single-sat.c:154: Can not update non-existing sat
2025/06/27 22:12:12|1|gtk-single-sat.c:154: Can not update non-existing sat
2025/06/27 22:12:12|1|gtk-single-sat.c:154: Can not update non-existing sat
2025/06/27 22:12:12|1|gtk-single-sat.c:154: Can not update non-existing sat
2025/06/27 22:12:12|1|gtk-single-sat.c:154: Can not update non-existing sat
2025/06/27 22:12:12|1|gtk-single-sat.c:154: Can not update non-existing sat
2025/06/27 22:12:12|1|gtk-single-sat.c:154: Can not update non-existing sat
2025/06/27 22:12:12|1|gtk-single-sat.c:154: Can not update non-existing sat
2025/06/27 22:12:13|1|gtk-single-sat.c:154: Can not update non-existing sat
2025/06/27 22:12:13|1|gtk-single-sat.c:154: Can not update non-existing sat
2025/06/27 22:12:13|1|gtk-single-sat.c:154: Can not update non-existing sat
2025/06/27 22:12:13|1|gtk-single-sat.c:154: Can not update non-existing sat
2025/06/27 22:12:13|1|gtk-single-sat.c:154: Can not update non-existing sat
2025/06/27 22:12:13|1|gtk-single-sat.c:154: Can not update non-existing sat
2025/06/27 22:12:13|1|gtk-single-sat.c:154: Can not update non-existing sat
2025/06/27 22:12:13|1|gtk-single-sat.c:154: Can not update non-existing sat
2025/06/27 22:12:13|1|gtk-single-sat.c:154: Can not update non-existing sat
2025/06/27 22:12:13|1|gtk-single-sat.c:154: Can not update non-existing sat
2025/06/27 22:12:13|1|gtk-single-sat.c:154: Can not update non-existing sat
2025/06/27 22:12:13|1|gtk-single-sat.c:154: Can not update non-existing sat
2025/06/27 22:12:13|1|gtk-single-sat.c:154: Can not update non-existing sat
2025/06/27 22:12:13|1|gtk-single-sat.c:154: Can not update non-existing sat
2025/06/27 22:12:13|1|gtk-single-sat.c:154: Can not update non-existing sat
2025/06/27 22:12:13|1|gtk-single-sat.c:154: Can not update non-existing sat
2025/06/27 22:12:13|1|gtk-single-sat.c:154: Can not update non-existing sat
2025/06/27 22:12:13|1|gtk-single-sat.c:154: Can not update non-existing sat
2025/06/27 22:12:13|1|gtk-single-sat.c:154: Can not update non-existing sat
2025/06/27 22:12:13|1|gtk-single-sat.c:154: Can not update non-existing sat
2025/06/27 22:12:13|1|gtk-single-sat.c:154: Can not update non-existing sat
2025/06/27 22:12:13|1|gtk-single-sat.c:154: Can not update non-existing sat
2025/06/27 22:12:13|1|gtk-single-sat.c:154: Can not update non-existing sat
2025/06/27 22:12:13|1|gtk-single-sat.c:154: Can not update non-existing sat
2025/06/27 22:12:13|1|gtk-single-sat.c:154: Can not update non-existing sat
2025/06/27 22:12:13|1|gtk-single-sat.c:154: Can not update non-existing sat
2025/06/27 22:12:13|1|gtk-single-sat.c:154: Can not update non-existing sat
2025/06/27 22:12:13|1|gtk-single-sat.c:154: Can not update non-existing sat
2025/06/27 22:12:13|1|gtk-single-sat.c:154: Can not update non-existing sat
2025/06/27 22:12:13|1|gtk-single-sat.c:154: Can not update non-existing sat
2025/06/27 22:12:13|1|gtk-single-sat.c:154: Can not update non-existing sat
2025/06/27 22:12:13|1|gtk-single-sat.c:154: Can not update non-existing sat
2025/06/27 22:12:13|1|gtk-single-sat.c:154: Can not update non-existing sat
2025/06/27 22:12:13|1|gtk-single-sat.c:154: Can not update non-existing sat
2025/06/27 22:12:13|1|gtk-single-sat.c:154: Can not update non-existing sat
2025/06/27 22:12:13|1|gtk-single-sat.c:154: Can not update non-existing sat
2025/06/27 22:12:13|1|gtk-single-sat.c:154: Can not update non-existing sat
2025/06/27 22:12:13|1|gtk-single-sat.c:154: Can not update non-existing sat
2025/06/27 22:12:13|1|gtk-single-sat.c:154: Can not update non-existing sat
2025/06/27 22:12:13|1|gtk-single-sat.c:154: Can not update non-existing sat
2025/06/27 22:12:13|1|gtk-single-sat.c:154: Can not update non-existing sat
2025/06/27 22:12:13|1|gtk-single-sat.c:154: Can not update non-existing sat
2025/06/27 22:12:13|1|gtk-single-sat.c:154: Can not update non-existing sat
2025/06/27 22:12:13|1|gtk-single-sat.c:154: Can not update non-existing sat
2025/06/27 22:12:13|1|gtk-single-sat.c:154: Can not update non-existing sat
2025/06/27 22:12:13|1|gtk-single-sat.c:154: Can not update non-existing sat
2025/06/27 22:12:13|1|gtk-single-sat.c:154: Can not update non-existing sat
2025/06/27 22:12:13|1|gtk-single-sat.c:154: Can not update non-existing sat
2025/06/27 22:12:14|1|gtk-single-sat.c:154: Can not update non-existing sat
2025/06/27 22:12:14|1|gtk-single-sat.c:154: Can not update non-existing sat
2025/06/27 22:12:14|1|gtk-single-sat.c:154: Can not update non-existing sat
2025/06/27 22:12:14|1|gtk-single-sat.c:154: Can not update non-existing sat
2025/06/27 22:12:14|1|gtk-single-sat.c:154: Can not update non-existing sat
2025/06/27 22:12:14|1|gtk-single-sat.c:154: Can not update non-existing sat
2025/06/27 22:12:14|1|gtk-single-sat.c:154: Can not update non-existing sat
2025/06/27 22:12:14|1|gtk-single-sat.c:154: Can not update non-existing sat
2025/06/27 22:12:14|1|gtk-single-sat.c:154: Can not update non-existing sat
2025/06/27 22:12:14|1|gtk-single-sat.c:154: Can not update non-existing sat
2025/06/27 22:12:14|1|gtk-single-sat.c:154: Can not update non-existing sat
2025/06/27 22:12:14|1|gtk-single-sat.c:154: Can not update non-existing sat
2025/06/27 22:12:14|1|gtk-single-sat.c:154: Can not update non-existing sat
2025/06/27 22:12:14|1|gtk-single-sat.c:154: Can not update non-existing sat
2025/06/27 22:12:14|1|gtk-single-sat.c:154: Can not update non-existing sat
2025/06/27 22:12:14|1|gtk-single-sat.c:154: Can not update non-existing sat
2025/06/27 22:12:14|1|gtk-single-sat.c:154: Can not update non-existing sat
2025/06/27 22:12:14|1|gtk-single-sat.c:154: Can not update non-existing sat
2025/06/27 22:12:14|1|gtk-single-sat.c:154: Can not update non-existing sat
2025/06/27 22:12:14|1|gtk-single-sat.c:154: Can not update non-existing sat
2025/06/27 22:12:14|1|gtk-single-sat.c:154: Can not update non-existing sat
2025/06/27 22:12:14|1|gtk-single-sat.c:154: Can not update non-existing sat
2025/06/27 22:12:14|1|gtk-single-sat.c:154: Can not update non-existing sat
2025/06/27 22:12:14|1|gtk-single-sat.c:154: Can not update non-existing sat
2025/06/27 22:12:14|1|gtk-single-sat.c:154: Can not update non-existing sat
2025/06/27 22:12:14|1|gtk-single-sat.c:154: Can not update non-existing sat
2025/06/27 22:12:14|1|gtk-single-sat.c:154: Can not update non-existing sat
2025/06/27 22:12:14|1|gtk-single-sat.c:154: Can not update non-existing sat
2025/06/27 22:12:14|1|gtk-single-sat.c:154: Can not update non-existing sat
2025/06/27 22:12:14|1|gtk-single-sat.c:154: Can not update non-existing sat
2025/06/27 22:12:14|1|gtk-single-sat.c:154: Can not update non-existing sat
2025/06/27 22:12:14|1|gtk-single-sat.c:154: Can not update non-existing sat
2025/06/27 22:12:14|1|gtk-single-sat.c:154: Can not update non-existing sat
2025/06/27 22:12:14|1|gtk-single-sat.c:154: Can not update non-existing sat
2025/06/27 22:12:14|1|gtk-single-sat.c:154: Can not update non-existing sat
2025/06/27 22:12:14|1|gtk-single-sat.c:154: Can not update non-existing sat
2025/06/27 22:12:14|1|gtk-single-sat.c:154: Can not update non-existing sat
2025/06/27 22:12:14|1|gtk-single-sat.c:154: Can not update non-existing sat
2025/06/27 22:12:14|1|gtk-single-sat.c:154: Can not update non-existing sat
2025/06/27 22:12:14|1|gtk-single-sat.c:154: Can not update non-existing sat
2025/06/27 22:12:14|1|gtk-single-sat.c:154: Can not update non-existing sat
2025/06/27 22:12:14|1|gtk-single-sat.c:154: Can not update non-existing sat
2025/06/27 22:12:14|1|gtk-single-sat.c:154: Can not update non-existing sat
2025/06/27 22:12:14|1|gtk-single-sat.c:154: Can not update non-existing sat
2025/06/27 22:12:14|1|gtk-single-sat.c:154: Can not update non-existing sat
2025/06/27 22:12:14|1|gtk-single-sat.c:154: Can not update non-existing sat
2025/06/27 22:12:14|1|gtk-single-sat.c:154: Can not update non-existing sat
2025/06/27 22:12:14|1|gtk-single-sat.c:154: Can not update non-existing sat
2025/06/27 22:12:14|1|gtk-single-sat.c:154: Can not update non-existing sat
2025/06/27 22:12:14|1|gtk-single-sat.c:154: Can not update non-existing sat
2025/06/27 22:12:14|1|gtk-single-sat.c:154: Can not update non-existing sat
2025/06/27 22:12:14|1|gtk-single-sat.c:154: Can not update non-existing sat
2025/06/27 22:12:14|1|gtk-single-sat.c:154: Can not update non-existing sat
2025/06/27 22:12:14|1|gtk-single-sat.c:154: Can not update non-existing sat
2025/06/27 22:12:14|1|gtk-single-sat.c:154: Can not update non-existing sat
2025/06/27 22:12:14|1|gtk-single-sat.c:154: Can not update non-existing sat
2025/06/27 22:12:14|1|gtk-single-sat.c:154: Can not update non-existing sat
2025/06/27 22:12:14|1|gtk-single-sat.c:154: Can not update non-existing sat
2025/06/27 22:12:14|1|gtk-single-sat.c:154: Can not update non-existing sat
2025/06/27 22:12:14|1|gtk-single-sat.c:154: Can not update non-existing sat
2025/06/27 22:12:14|1|gtk-single-sat.c:154: Can not update non-existing sat
2025/06/27 22:12:14|1|gtk-single-sat.c:154: Can not update non-existing sat
2025/06/27 22:12:14|1|gtk-single-sat.c:154: Can not update non-existing sat
2025/06/27 22:12:14|1|gtk-single-sat.c:154: Can not update non-existing sat
2025/06/27 22:12:15|1|gtk-single-sat.c:154: Can not update non-existing sat
2025/06/27 22:12:15|1|gtk-single-sat.c:154: Can not update non-existing sat
2025/06/27 22:12:15|1|gtk-single-sat.c:154: Can not update non-existing sat
2025/06/27 22:12:15|1|gtk-single-sat.c:154: Can not update non-existing sat
2025/06/27 22:12:15|1|gtk-single-sat.c:154: Can not update non-existing sat
2025/06/27 22:12:15|1|gtk-single-sat.c:154: Can not update non-existing sat
2025/06/27 22:12:15|1|gtk-single-sat.c:154: Can not update non-existing sat
2025/06/27 22:12:15|1|gtk-single-sat.c:154: Can not update non-existing sat
2025/06/27 22:12:15|1|gtk-single-sat.c:154: Can not update non-existing sat
2025/06/27 22:12:15|1|gtk-single-sat.c:154: Can not update non-existing sat
2025/06/27 22:12:15|1|gtk-single-sat.c:154: Can not update non-existing sat
2025/06/27 22:12:15|1|gtk-single-sat.c:154: Can not update non-existing sat
2025/06/27 22:12:15|1|gtk-single-sat.c:154: Can not update non-existing sat
2025/06/27 22:12:15|1|gtk-single-sat.c:154: Can not update non-existing sat
2025/06/27 22:12:15|1|gtk-single-sat.c:154: Can not update non-existing sat
2025/06/27 22:12:15|1|gtk-single-sat.c:154: Can not update non-existing sat
2025/06/27 22:12:15|1|gtk-single-sat.c:154: Can not update non-existing sat
2025/06/27 22:12:15|1|gtk-single-sat.c:154: Can not update non-existing sat
2025/06/27 22:12:15|1|gtk-single-sat.c:154: Can not update non-existing sat
2025/06/27 22:12:15|1|gtk-single-sat.c:154: Can not update non-existing sat
2025/06/27 22:12:15|1|gtk-single-sat.c:154: Can not update non-existing sat
2025/06/27 22:12:15|1|gtk-single-sat.c:154: Can not update non-existing sat
2025/06/27 22:12:15|1|gtk-single-sat.c:154: Can not update non-existing sat
2025/06/27 22:12:15|1|gtk-single-sat.c:154: Can not update non-existing sat
2025/06/27 22:12:15|1|gtk-single-sat.c:154: Can not update non-existing sat
2025/06/27 22:12:15|1|gtk-single-sat.c:154: Can not update non-existing sat
2025/06/27 22:12:15|1|gtk-single-sat.c:154: Can not update non-existing sat
2025/06/27 22:12:15|1|gtk-single-sat.c:154: Can not update non-existing sat
2025/06/27 22:12:15|1|gtk-single-sat.c:154: Can not update non-existing sat
2025/06/27 22:12:15|1|gtk-single-sat.c:154: Can not update non-existing sat
2025/06/27 22:12:15|1|gtk-single-sat.c:154: Can not update non-existing sat
2025/06/27 22:12:15|1|gtk-single-sat.c:154: Can not update non-existing sat
2025/06/27 22:12:15|1|gtk-single-sat.c:154: Can not update non-existing sat
2025/06/27 22:12:15|1|gtk-single-sat.c:154: Can not update non-existing sat
2025/06/27 22:12:15|1|gtk-single-sat.c:154: Can not update non-existing sat
2025/06/27 22:12:15|1|gtk-single-sat.c:154: Can not update non-existing sat
2025/06/27 22:12:15|1|gtk-single-sat.c:154: Can not update non-existing sat
2025/06/27 22:12:15|1|gtk-single-sat.c:154: Can not update non-existing sat
2025/06/27 22:12:15|1|gtk-single-sat.c:154: Can not update non-existing sat
2025/06/27 22:12:15|1|gtk-single-sat.c:154: Can not update non-existing sat
2025/06/27 22:12:15|1|gtk-single-sat.c:154: Can not update non-existing sat
2025/06/27 22:12:15|1|gtk-single-sat.c:154: Can not update non-existing sat
2025/06/27 22:12:15|1|gtk-single-sat.c:154: Can not update non-existing sat
2025/06/27 22:12:15|1|gtk-single-sat.c:154: Can not update non-existing sat
2025/06/27 22:12:15|1|gtk-single-sat.c:154: Can not update non-existing sat
2025/06/27 22:12:15|1|gtk-single-sat.c:154: Can not update non-existing sat
2025/06/27 22:12:15|1|gtk-single-sat.c:154: Can not update non-existing sat
2025/06/27 22:12:15|1|gtk-single-sat.c:154: Can not update non-existing sat
2025/06/27 22:12:16|1|create_selected_sats_list: Failed to get list of satellites (Key file does not have group “GLOBAL”)
2025/06/27 22:12:40|1|gtk-single-sat.c:154: Can not update non-existing sat
2025/06/27 22:12:40|1|gtk-single-sat.c:154: Can not update non-existing sat
2025/06/27 22:12:40|1|gtk-single-sat.c:154: Can not update non-existing sat
2025/06/27 22:12:40|1|gtk-single-sat.c:154: Can not update non-existing sat
2025/06/27 22:12:40|1|gtk-single-sat.c:154: Can not update non-existing sat
2025/06/27 22:12:40|1|gtk-single-sat.c:154: Can not update non-existing sat
2025/06/27 22:12:40|1|gtk-single-sat.c:154: Can not update non-existing sat
2025/06/27 22:12:40|1|gtk-single-sat.c:154: Can not update non-existing sat
2025/06/27 22:12:40|1|gtk-single-sat.c:154: Can not update non-existing sat
2025/06/27 22:12:40|1|gtk-single-sat.c:154: Can not update non-existing sat
2025/06/27 22:12:40|1|gtk-single-sat.c:154: Can not update non-existing sat
2025/06/27 22:12:40|1|gtk-single-sat.c:154: Can not update non-existing sat
2025/06/27 22:12:40|1|gtk-single-sat.c:154: Can not update non-existing sat
2025/06/27 22:12:40|1|gtk-single-sat.c:154: Can not update non-existing sat
2025/06/27 22:12:40|1|gtk-single-sat.c:154: Can not update non-existing sat
2025/06/27 22:12:40|1|gtk-single-sat.c:154: Can not update non-existing sat
2025/06/27 22:12:41|1|gtk-single-sat.c:154: Can not update non-existing sat
2025/06/27 22:12:41|1|gtk-single-sat.c:154: Can not update non-existing sat
2025/06/27 22:12:41|1|gtk-single-sat.c:154: Can not update non-existing sat
2025/06/27 22:12:41|1|gtk-single-sat.c:154: Can not update non-existing sat
2025/06/27 22:12:41|1|gtk-single-sat.c:154: Can not update non-existing sat
2025/06/27 22:12:41|1|gtk-single-sat.c:154: Can not update non-existing sat
2025/06/27 22:12:41|1|gtk-single-sat.c:154: Can not update non-existing sat
2025/06/27 22:12:41|1|gtk-single-sat.c:154: Can not update non-existing sat
2025/06/27 22:12:41|1|gtk-single-sat.c:154: Can not update non-existing sat
2025/06/27 22:12:41|1|gtk-single-sat.c:154: Can not update non-existing sat
2025/06/27 22:12:41|1|gtk-single-sat.c:154: Can not update non-existing sat
2025/06/27 22:12:41|1|gtk-single-sat.c:154: Can not update non-existing sat
2025/06/27 22:12:41|1|gtk-single-sat.c:154: Can not update non-existing sat
2025/06/27 22:12:41|1|gtk-single-sat.c:154: Can not update non-existing sat
2025/06/27 22:12:41|1|gtk-single-sat.c:154: Can not update non-existing sat
2025/06/27 22:12:41|1|gtk-single-sat.c:154: Can not update non-existing sat
2025/06/27 22:12:41|1|gtk-single-sat.c:154: Can not update non-existing sat
2025/06/27 22:12:41|1|gtk-single-sat.c:154: Can not update non-existing sat
2025/06/27 22:12:41|1|gtk-single-sat.c:154: Can not update non-existing sat
2025/06/27 22:12:41|1|gtk-single-sat.c:154: Can not update non-existing sat
2025/06/27 22:12:41|1|gtk-single-sat.c:154: Can not update non-existing sat
2025/06/27 22:12:41|1|gtk-single-sat.c:154: Can not update non-existing sat
2025/06/27 22:12:41|1|gtk-single-sat.c:154: Can not update non-existing sat
2025/06/27 22:12:41|1|gtk-single-sat.c:154: Can not update non-existing sat
2025/06/27 22:12:41|1|gtk-single-sat.c:154: Can not update non-existing sat
2025/06/27 22:12:41|1|gtk-single-sat.c:154: Can not update non-existing sat
2025/06/27 22:12:41|1|gtk-single-sat.c:154: Can not update non-existing sat
2025/06/27 22:12:41|1|gtk-single-sat.c:154: Can not update non-existing sat
2025/06/27 22:12:41|1|gtk-single-sat.c:154: Can not update non-existing sat
2025/06/27 22:12:41|1|gtk-single-sat.c:154: Can not update non-existing sat
2025/06/27 22:12:41|1|gtk-single-sat.c:154: Can not update non-existing sat
2025/06/27 22:12:41|1|gtk-single-sat.c:154: Can not update non-existing sat
2025/06/27 22:12:41|1|gtk-single-sat.c:154: Can not update non-existing sat
2025/06/27 22:12:41|1|gtk-single-sat.c:154: Can not update non-existing sat
2025/06/27 22:12:41|1|gtk-single-sat.c:154: Can not update non-existing sat
2025/06/27 22:12:41|1|gtk-single-sat.c:154: Can not update non-existing sat
2025/06/27 22:12:41|1|gtk-single-sat.c:154: Can not update non-existing sat
2025/06/27 22:12:41|1|gtk-single-sat.c:154: Can not update non-existing sat
2025/06/27 22:12:41|1|gtk-single-sat.c:154: Can not update non-existing sat
2025/06/27 22:12:41|1|gtk-single-sat.c:154: Can not update non-existing sat
2025/06/27 22:12:41|1|gtk-single-sat.c:154: Can not update non-existing sat
2025/06/27 22:12:41|1|gtk-single-sat.c:154: Can not update non-existing sat
2025/06/27 22:12:41|1|gtk-single-sat.c:154: Can not update non-existing sat
2025/06/27 22:12:41|1|gtk-single-sat.c:154: Can not update non-existing sat
2025/06/27 22:12:41|1|gtk-single-sat.c:154: Can not update non-existing sat
2025/06/27 22:12:41|1|gtk-single-sat.c:154: Can not update non-existing sat
2025/06/27 22:12:41|1|gtk-single-sat.c:154: Can not update non-existing sat
2025/06/27 22:12:41|1|gtk-single-sat.c:154: Can not update non-existing sat
2025/06/27 22:12:42|1|gtk-single-sat.c:154: Can not update non-existing sat
2025/06/27 22:12:42|1|gtk-single-sat.c:154: Can not update non-existing sat
2025/06/27 22:12:42|1|gtk-single-sat.c:154: Can not update non-existing sat
2025/06/27 22:12:42|1|gtk-single-sat.c:154: Can not update non-existing sat
2025/06/27 22:12:42|1|gtk-single-sat.c:154: Can not update non-existing sat
2025/06/27 22:12:42|1|gtk-single-sat.c:154: Can not update non-existing sat
2025/06/27 22:12:42|1|gtk-single-sat.c:154: Can not update non-existing sat
2025/06/27 22:12:42|1|gtk-single-sat.c:154: Can not update non-existing sat
2025/06/27 22:12:42|1|gtk-single-sat.c:154: Can not update non-existing sat
2025/06/27 22:12:42|1|gtk-single-sat.c:154: Can not update non-existing sat
2025/06/27 22:12:42|1|gtk-single-sat.c:154: Can not update non-existing sat
2025/06/27 22:12:42|1|gtk-single-sat.c:154: Can not update non-existing sat
2025/06/27 22:12:42|1|gtk-single-sat.c:154: Can not update non-existing sat
2025/06/27 22:12:42|1|gtk-single-sat.c:154: Can not update non-existing sat
2025/06/27 22:12:42|1|gtk-single-sat.c:154: Can not update non-existing sat
2025/06/27 22:12:42|1|gtk-single-sat.c:154: Can not update non-existing sat
2025/06/27 22:12:42|1|gtk-single-sat.c:154: Can not update non-existing sat
2025/06/27 22:12:42|1|gtk-single-sat.c:154: Can not update non-existing sat
2025/06/27 22:12:42|1|gtk-single-sat.c:154: Can not update non-existing sat
2025/06/27 22:12:42|1|gtk-single-sat.c:154: Can not update non-existing sat
2025/06/27 22:12:42|1|gtk-single-sat.c:154: Can not update non-existing sat
2025/06/27 22:12:42|1|gtk-single-sat.c:154: Can not update non-existing sat
2025/06/27 22:12:42|1|gtk-single-sat.c:154: Can not update non-existing sat
2025/06/27 22:12:42|1|gtk-single-sat.c:154: Can not update non-existing sat
2025/06/27 22:12:42|1|gtk-single-sat.c:154: Can not update non-existing sat
2025/06/27 22:12:42|1|gtk-single-sat.c:154: Can not update non-existing sat
2025/06/27 22:12:42|1|gtk-single-sat.c:154: Can not update non-existing sat
2025/06/27 22:12:42|1|gtk-single-sat.c:154: Can not update non-existing sat
2025/06/27 22:12:42|1|gtk-single-sat.c:154: Can not update non-existing sat
2025/06/27 22:12:42|1|gtk-single-sat.c:154: Can not update non-existing sat
2025/06/27 22:12:42|1|gtk-single-sat.c:154: Can not update non-existing sat
2025/06/27 22:12:42|1|gtk-single-sat.c:154: Can not update non-existing sat
2025/06/27 22:12:42|1|gtk-single-sat.c:154: Can not update non-existing sat
2025/06/27 22:12:42|1|gtk-single-sat.c:154: Can not update non-existing sat
2025/06/27 22:12:42|1|gtk-single-sat.c:154: Can not update non-existing sat
2025/06/27 22:12:42|1|gtk-single-sat.c:154: Can not update non-existing sat
2025/06/27 22:12:42|1|gtk-single-sat.c:154: Can not update non-existing sat
2025/06/27 22:12:42|1|gtk-single-sat.c:154: Can not update non-existing sat
2025/06/27 22:12:42|1|gtk-single-sat.c:154: Can not update non-existing sat
2025/06/27 22:12:42|1|gtk-single-sat.c:154: Can not update non-existing sat
2025/06/27 22:12:42|1|gtk-single-sat.c:154: Can not update non-existing sat
2025/06/27 22:12:42|1|gtk-single-sat.c:154: Can not update non-existing sat
2025/06/27 22:12:42|1|gtk-single-sat.c:154: Can not update non-existing sat
2025/06/27 22:12:42|1|gtk-single-sat.c:154: Can not update non-existing sat
2025/06/27 22:12:42|1|gtk-single-sat.c:154: Can not update non-existing sat
2025/06/27 22:12:42|1|gtk-single-sat.c:154: Can not update non-existing sat
2025/06/27 22:12:42|1|gtk-single-sat.c:154: Can not update non-existing sat
2025/06/27 22:12:42|1|gtk-single-sat.c:154: Can not update non-existing sat
2025/06/27 22:12:42|1|gtk-single-sat.c:154: Can not update non-existing sat
2025/06/27 22:12:42|1|gtk-single-sat.c:154: Can not update non-existing sat
2025/06/27 22:12:42|1|gtk-single-sat.c:154: Can not update non-existing sat
2025/06/27 22:12:42|1|gtk-single-sat.c:154: Can not update non-existing sat
2025/06/27 22:12:42|1|gtk-single-sat.c:154: Can not update non-existing sat
2025/06/27 22:12:42|1|gtk-single-sat.c:154: Can not update non-existing sat
2025/06/27 22:12:42|1|gtk-single-sat.c:154: Can not update non-existing sat
2025/06/27 22:12:42|1|gtk-single-sat.c:154: Can not update non-existing sat
2025/06/27 22:12:42|1|gtk-single-sat.c:154: Can not update non-existing sat
2025/06/27 22:12:42|1|gtk-single-sat.c:154: Can not update non-existing sat
2025/06/27 22:12:42|1|gtk-single-sat.c:154: Can not update non-existing sat
2025/06/27 22:12:42|1|gtk-single-sat.c:154: Can not update non-existing sat
2025/06/27 22:12:42|1|gtk-single-sat.c:154: Can not update non-existing sat
2025/06/27 22:12:42|1|gtk-single-sat.c:154: Can not update non-existing sat
2025/06/27 22:12:42|1|gtk-single-sat.c:154: Can not update non-existing sat
2025/06/27 22:12:42|1|gtk-single-sat.c:154: Can not update non-existing sat
2025/06/27 22:12:43|1|gtk-single-sat.c:154: Can not update non-existing sat
2025/06/27 22:12:43|1|gtk-single-sat.c:154: Can not update non-existing sat
2025/06/27 22:12:43|1|gtk-single-sat.c:154: Can not update non-existing sat
2025/06/27 22:12:43|1|gtk-single-sat.c:154: Can not update non-existing sat
2025/06/27 22:12:43|1|gtk-single-sat.c:154: Can not update non-existing sat
2025/06/27 22:12:43|1|gtk-single-sat.c:154: Can not update non-existing sat
2025/06/27 22:12:43|1|gtk-single-sat.c:154: Can not update non-existing sat
2025/06/27 22:12:43|1|gtk-single-sat.c:154: Can not update non-existing sat
2025/06/27 22:12:43|1|gtk-single-sat.c:154: Can not update non-existing sat
2025/06/27 22:12:43|1|gtk-single-sat.c:154: Can not update non-existing sat
2025/06/27 22:12:43|1|gtk-single-sat.c:154: Can not update non-existing sat
2025/06/27 22:12:43|1|gtk-single-sat.c:154: Can not update non-existing sat
2025/06/27 22:12:43|1|gtk-single-sat.c:154: Can not update non-existing sat
2025/06/27 22:12:43|1|gtk-single-sat.c:154: Can not update non-existing sat
2025/06/27 22:12:43|1|gtk-single-sat.c:154: Can not update non-existing sat
2025/06/27 22:12:43|1|gtk-single-sat.c:154: Can not update non-existing sat
2025/06/27 22:12:43|1|gtk-single-sat.c:154: Can not update non-existing sat
2025/06/27 22:12:43|1|gtk-single-sat.c:154: Can not update non-existing sat
2025/06/27 22:12:43|1|gtk-single-sat.c:154: Can not update non-existing sat
2025/06/27 22:12:43|1|gtk-single-sat.c:154: Can not update non-existing sat
2025/06/27 22:12:43|1|gtk-single-sat.c:154: Can not update non-existing sat
2025/06/27 22:12:43|1|gtk-single-sat.c:154: Can not update non-existing sat
2025/06/27 22:12:43|1|gtk-single-sat.c:154: Can not update non-existing sat
2025/06/27 22:12:43|1|gtk-single-sat.c:154: Can not update non-existing sat
2025/06/27 22:12:43|1|gtk-single-sat.c:154: Can not update non-existing sat
2025/06/27 22:12:43|1|gtk-single-sat.c:154: Can not update non-existing sat
2025/06/27 22:12:43|1|gtk-single-sat.c:154: Can not update non-existing sat
2025/06/27 22:12:43|1|gtk-single-sat.c:154: Can not update non-existing sat
2025/06/27 22:12:43|1|gtk-single-sat.c:154: Can not update non-existing sat
2025/06/27 22:12:43|1|gtk-single-sat.c:154: Can not update non-existing sat
2025/06/27 22:12:43|1|gtk-single-sat.c:154: Can not update non-existing sat
2025/06/27 22:12:43|1|gtk-single-sat.c:154: Can not update non-existing sat
2025/06/27 22:12:43|1|gtk-single-sat.c:154: Can not update non-existing sat
2025/06/27 22:12:43|1|gtk-single-sat.c:154: Can not update non-existing sat
2025/06/27 22:12:43|1|gtk-single-sat.c:154: Can not update non-existing sat
2025/06/27 22:12:43|1|gtk-single-sat.c:154: Can not update non-existing sat
2025/06/27 22:12:43|1|gtk-single-sat.c:154: Can not update non-existing sat
2025/06/27 22:12:43|1|gtk-single-sat.c:154: Can not update non-existing sat
2025/06/27 22:12:43|1|gtk-single-sat.c:154: Can not update non-existing sat
2025/06/27 22:12:43|1|gtk-single-sat.c:154: Can not update non-existing sat
2025/06/27 22:12:43|1|gtk-single-sat.c:154: Can not update non-existing sat
2025/06/27 22:12:43|1|gtk-single-sat.c:154: Can not update non-existing sat
2025/06/27 22:12:43|1|gtk-single-sat.c:154: Can not update non-existing sat
2025/06/27 22:12:43|1|gtk-single-sat.c:154: Can not update non-existing sat
2025/06/27 22:12:43|1|gtk-single-sat.c:154: Can not update non-existing sat
2025/06/27 22:12:43|1|gtk-single-sat.c:154: Can not update non-existing sat
2025/06/27 22:12:43|1|gtk-single-sat.c:154: Can not update non-existing sat
2025/06/27 22:12:43|1|gtk-single-sat.c:154: Can not update non-existing sat
2025/06/27 22:12:44|1|gtk-single-sat.c:154: Can not update non-existing sat
2025/06/27 22:12:44|1|gtk-single-sat.c:154: Can not update non-existing sat
2025/06/27 22:12:44|1|gtk-single-sat.c:154: Can not update non-existing sat
2025/06/27 22:12:44|1|gtk-single-sat.c:154: Can not update non-existing sat
2025/06/27 22:12:44|1|gtk-single-sat.c:154: Can not update non-existing sat
2025/06/27 22:12:44|1|gtk-single-sat.c:154: Can not update non-existing sat
2025/06/27 22:12:44|1|gtk-single-sat.c:154: Can not update non-existing sat
2025/06/27 22:12:44|1|gtk-single-sat.c:154: Can not update non-existing sat
2025/06/27 22:12:44|1|gtk-single-sat.c:154: Can not update non-existing sat
2025/06/27 22:12:44|1|gtk-single-sat.c:154: Can not update non-existing sat
2025/06/27 22:12:44|1|gtk-single-sat.c:154: Can not update non-existing sat
2025/06/27 22:12:44|1|gtk-single-sat.c:154: Can not update non-existing sat
2025/06/27 22:12:44|1|gtk-single-sat.c:154: Can not update non-existing sat
2025/06/27 22:12:44|1|gtk-single-sat.c:154: Can not update non-existing sat
2025/06/27 22:12:44|1|gtk-single-sat.c:154: Can not update non-existing sat
2025/06/27 22:12:44|1|gtk-single-sat.c:154: Can not update non-existing sat
2025/06/27 22:12:44|1|gtk-single-sat.c:154: Can not update non-existing sat
2025/06/27 22:12:44|1|gtk-single-sat.c:154: Can not update non-existing sat
2025/06/27 22:12:44|1|gtk-single-sat.c:154: Can not update non-existing sat
2025/06/27 22:12:44|1|gtk-single-sat.c:154: Can not update non-existing sat
2025/06/27 22:12:44|1|gtk-single-sat.c:154: Can not update non-existing sat
2025/06/27 22:12:44|1|gtk-single-sat.c:154: Can not update non-existing sat
2025/06/27 22:12:44|1|gtk-single-sat.c:154: Can not update non-existing sat
2025/06/27 22:12:44|1|gtk-single-sat.c:154: Can not update non-existing sat
2025/06/27 22:12:44|1|gtk-single-sat.c:154: Can not update non-existing sat
2025/06/27 22:12:44|1|gtk-single-sat.c:154: Can not update non-existing sat
2025/06/27 22:12:44|1|gtk-single-sat.c:154: Can not update non-existing sat
2025/06/27 22:12:44|1|gtk-single-sat.c:154: Can not update non-existing sat
2025/06/27 22:12:44|1|gtk-single-sat.c:154: Can not update non-existing sat
2025/06/27 22:12:44|1|gtk-single-sat.c:154: Can not update non-existing sat
2025/06/27 22:12:44|1|gtk-single-sat.c:154: Can not update non-existing sat
2025/06/27 22:12:44|1|gtk-single-sat.c:154: Can not update non-existing sat
2025/06/27 22:12:44|1|gtk-single-sat.c:154: Can not update non-existing sat
2025/06/27 22:12:44|1|gtk-single-sat.c:154: Can not update non-existing sat
2025/06/27 22:12:44|1|gtk-single-sat.c:154: Can not update non-existing sat
2025/06/27 22:12:44|1|gtk-single-sat.c:154: Can not update non-existing sat
2025/06/27 22:12:44|1|gtk-single-sat.c:154: Can not update non-existing sat
2025/06/27 22:12:44|1|gtk-single-sat.c:154: Can not update non-existing sat
2025/06/27 22:12:44|1|gtk-single-sat.c:154: Can not update non-existing sat
2025/06/27 22:12:44|1|gtk-single-sat.c:154: Can not update non-existing sat
2025/06/27 22:12:44|1|gtk-single-sat.c:154: Can not update non-existing sat
2025/06/27 22:12:44|1|gtk-single-sat.c:154: Can not update non-existing sat
2025/06/27 22:12:44|1|gtk-single-sat.c:154: Can not update non-existing sat
2025/06/27 22:12:44|1|gtk-single-sat.c:154: Can not update non-existing sat
2025/06/27 22:12:44|1|gtk-single-sat.c:154: Can not update non-existing sat
2025/06/27 22:12:44|1|gtk-single-sat.c:154: Can not update non-existing sat
2025/06/27 22:12:44|1|gtk-single-sat.c:154: Can not update non-existing sat
2025/06/27 22:12:44|1|gtk-single-sat.c:154: Can not update non-existing sat
2025/06/27 22:12:45|1|gtk-single-sat.c:154: Can not update non-existing sat
2025/06/27 22:12:45|1|gtk-single-sat.c:154: Can not update non-existing sat
2025/06/27 22:12:45|1|gtk-single-sat.c:154: Can not update non-existing sat
2025/06/27 22:12:45|1|gtk-single-sat.c:154: Can not update non-existing sat
2025/06/27 22:12:45|1|gtk-single-sat.c:154: Can not update non-existing sat
2025/06/27 22:12:45|1|gtk-single-sat.c:154: Can not update non-existing sat
2025/06/27 22:12:45|1|gtk-single-sat.c:154: Can not update non-existing sat
2025/06/27 22:12:45|1|gtk-single-sat.c:154: Can not update non-existing sat
2025/06/27 22:12:45|1|gtk-single-sat.c:154: Can not update non-existing sat
2025/06/27 22:12:45|1|gtk-single-sat.c:154: Can not update non-existing sat
2025/06/27 22:12:45|1|gtk-single-sat.c:154: Can not update non-existing sat
2025/06/27 22:12:45|1|gtk-single-sat.c:154: Can not update non-existing sat
2025/06/27 22:12:45|1|gtk-single-sat.c:154: Can not update non-existing sat
2025/06/27 22:12:45|1|gtk-single-sat.c:154: Can not update non-existing sat
2025/06/27 22:12:45|1|gtk-single-sat.c:154: Can not update non-existing sat
2025/06/27 22:12:45|1|gtk-single-sat.c:154: Can not update non-existing sat
2025/06/27 22:12:45|1|gtk-single-sat.c:154: Can not update non-existing sat
2025/06/27 22:12:45|1|gtk-single-sat.c:154: Can not update non-existing sat
2025/06/27 22:12:45|1|gtk-single-sat.c:154: Can not update non-existing sat
2025/06/27 22:12:45|1|gtk-single-sat.c:154: Can not update non-existing sat
2025/06/27 22:12:45|1|gtk-single-sat.c:154: Can not update non-existing sat
2025/06/27 22:12:45|1|gtk-single-sat.c:154: Can not update non-existing sat
2025/06/27 22:12:45|1|gtk-single-sat.c:154: Can not update non-existing sat
2025/06/27 22:12:45|1|gtk-single-sat.c:154: Can not update non-existing sat
2025/06/27 22:12:45|1|gtk-single-sat.c:154: Can not update non-existing sat
2025/06/27 22:12:45|1|gtk-single-sat.c:154: Can not update non-existing sat
2025/06/27 22:12:45|1|gtk-single-sat.c:154: Can not update non-existing sat
2025/06/27 22:12:45|1|gtk-single-sat.c:154: Can not update non-existing sat
2025/06/27 22:12:45|1|gtk-single-sat.c:154: Can not update non-existing sat
2025/06/27 22:12:45|1|gtk-single-sat.c:154: Can not update non-existing sat
2025/06/27 22:12:45|1|gtk-single-sat.c:154: Can not update non-existing sat
2025/06/27 22:12:45|1|gtk-single-sat.c:154: Can not update non-existing sat
2025/06/27 22:12:45|1|gtk-single-sat.c:154: Can not update non-existing sat
2025/06/27 22:12:45|1|gtk-single-sat.c:154: Can not update non-existing sat
2025/06/27 22:12:45|1|gtk-single-sat.c:154: Can not update non-existing sat
2025/06/27 22:12:45|1|gtk-single-sat.c:154: Can not update non-existing sat
2025/06/27 22:12:45|1|gtk-single-sat.c:154: Can not update non-existing sat
2025/06/27 22:12:45|1|gtk-single-sat.c:154: Can not update non-existing sat
2025/06/27 22:12:45|1|gtk-single-sat.c:154: Can not update non-existing sat
2025/06/27 22:12:45|1|gtk-single-sat.c:154: Can not update non-existing sat
2025/06/27 22:12:45|1|gtk-single-sat.c:154: Can not update non-existing sat
2025/06/27 22:12:45|1|gtk-single-sat.c:154: Can not update non-existing sat
2025/06/27 22:12:45|1|gtk-single-sat.c:154: Can not update non-existing sat
2025/06/27 22:12:45|1|gtk-single-sat.c:154: Can not update non-existing sat
2025/06/27 22:12:45|1|gtk-single-sat.c:154: Can not update non-existing sat
2025/06/27 22:12:45|1|gtk-single-sat.c:154: Can not update non-existing sat
2025/06/27 22:12:45|1|gtk-single-sat.c:154: Can not update non-existing sat
2025/06/27 22:12:45|1|gtk-single-sat.c:154: Can not update non-existing sat
2025/06/27 22:12:45|1|gtk-single-sat.c:154: Can not update non-existing sat
2025/06/27 22:12:45|1|gtk-single-sat.c:154: Can not update non-existing sat
2025/06/27 22:12:45|1|gtk-single-sat.c:154: Can not update non-existing sat
2025/06/27 22:12:45|1|gtk-single-sat.c:154: Can not update non-existing sat
2025/06/27 22:12:45|1|gtk-single-sat.c:154: Can not update non-existing sat
2025/06/27 22:12:45|1|gtk-single-sat.c:154: Can not update non-existing sat
2025/06/27 22:12:45|1|gtk-single-sat.c:154: Can not update non-existing sat
2025/06/27 22:12:45|1|gtk-single-sat.c:154: Can not update non-existing sat
2025/06/27 22:12:45|1|gtk-single-sat.c:154: Can not update non-existing sat
2025/06/27 22:12:45|1|gtk-single-sat.c:154: Can not update non-existing sat
2025/06/27 22:12:45|1|gtk-single-sat.c:154: Can not update non-existing sat
2025/06/27 22:12:45|1|gtk-single-sat.c:154: Can not update non-existing sat
2025/06/27 22:12:45|1|gtk-single-sat.c:154: Can not update non-existing sat
2025/06/27 22:12:45|1|gtk-single-sat.c:154: Can not update non-existing sat
2025/06/27 22:12:45|1|gtk-single-sat.c:154: Can not update non-existing sat
2025/06/27 22:12:45|1|gtk-single-sat.c:154: Can not update non-existing sat
2025/06/27 22:12:46|1|gtk-single-sat.c:154: Can not update non-existing sat
2025/06/27 22:12:46|1|gtk-single-sat.c:154: Can not update non-existing sat
2025/06/27 22:12:46|1|gtk-single-sat.c:154: Can not update non-existing sat
2025/06/27 22:12:46|1|gtk-single-sat.c:154: Can not update non-existing sat
2025/06/27 22:12:46|1|gtk-single-sat.c:154: Can not update non-existing sat
2025/06/27 22:12:46|1|gtk-single-sat.c:154: Can not update non-existing sat
2025/06/27 22:12:46|1|gtk-single-sat.c:154: Can not update non-existing sat
2025/06/27 22:12:46|1|gtk-single-sat.c:154: Can not update non-existing sat
2025/06/27 22:12:46|1|gtk-single-sat.c:154: Can not update non-existing sat
2025/06/27 22:12:46|1|gtk-single-sat.c:154: Can not update non-existing sat
2025/06/27 22:12:46|1|gtk-single-sat.c:154: Can not update non-existing sat
2025/06/27 22:12:46|1|gtk-single-sat.c:154: Can not update non-existing sat
2025/06/27 22:12:46|1|gtk-single-sat.c:154: Can not update non-existing sat
2025/06/27 22:12:46|1|gtk-single-sat.c:154: Can not update non-existing sat
2025/06/27 22:12:46|1|gtk-single-sat.c:154: Can not update non-existing sat
2025/06/27 22:12:46|1|gtk-single-sat.c:154: Can not update non-existing sat
2025/06/27 22:12:46|1|gtk-single-sat.c:154: Can not update non-existing sat
2025/06/27 22:12:46|1|gtk-single-sat.c:154: Can not update non-existing sat
2025/06/27 22:12:46|1|gtk-single-sat.c:154: Can not update non-existing sat
2025/06/27 22:12:46|1|gtk-single-sat.c:154: Can not update non-existing sat
2025/06/27 22:12:46|1|gtk-single-sat.c:154: Can not update non-existing sat
2025/06/27 22:12:46|1|gtk-single-sat.c:154: Can not update non-existing sat
2025/06/27 22:12:46|1|gtk-single-sat.c:154: Can not update non-existing sat
2025/06/27 22:12:46|1|gtk-single-sat.c:154: Can not update non-existing sat
2025/06/27 22:12:46|1|gtk-single-sat.c:154: Can not update non-existing sat
2025/06/27 22:12:46|1|gtk-single-sat.c:154: Can not update non-existing sat
2025/06/27 22:12:46|1|gtk-single-sat.c:154: Can not update non-existing sat
2025/06/27 22:12:46|1|gtk-single-sat.c:154: Can not update non-existing sat
2025/06/27 22:12:46|1|gtk-single-sat.c:154: Can not update non-existing sat
2025/06/27 22:12:46|1|gtk-single-sat.c:154: Can not update non-existing sat
2025/06/27 22:12:46|1|gtk-single-sat.c:154: Can not update non-existing sat
2025/06/27 22:12:46|1|gtk-single-sat.c:154: Can not update non-existing sat
2025/06/27 22:12:46|1|gtk-single-sat.c:154: Can not update non-existing sat
2025/06/27 22:12:46|1|gtk-single-sat.c:154: Can not update non-existing sat
2025/06/27 22:12:46|1|gtk-single-sat.c:154: Can not update non-existing sat
2025/06/27 22:12:46|1|gtk-single-sat.c:154: Can not update non-existing sat
2025/06/27 22:12:46|1|gtk-single-sat.c:154: Can not update non-existing sat
2025/06/27 22:12:46|1|gtk-single-sat.c:154: Can not update non-existing sat
2025/06/27 22:12:46|1|gtk-single-sat.c:154: Can not update non-existing sat
2025/06/27 22:12:46|1|gtk-single-sat.c:154: Can not update non-existing sat
2025/06/27 22:12:46|1|gtk-single-sat.c:154: Can not update non-existing sat
2025/06/27 22:12:46|1|gtk-single-sat.c:154: Can not update non-existing sat
2025/06/27 22:12:46|1|gtk-single-sat.c:154: Can not update non-existing sat
2025/06/27 22:12:46|1|gtk-single-sat.c:154: Can not update non-existing sat
2025/06/27 22:12:46|1|gtk-single-sat.c:154: Can not update non-existing sat
2025/06/27 22:12:46|1|gtk-single-sat.c:154: Can not update non-existing sat
2025/06/27 22:12:46|1|gtk-single-sat.c:154: Can not update non-existing sat
2025/06/27 22:12:46|1|gtk-single-sat.c:154: Can not update non-existing sat
2025/06/27 22:12:47|1|gtk-single-sat.c:154: Can not update non-existing sat
2025/06/27 22:12:47|1|gtk-single-sat.c:154: Can not update non-existing sat
2025/06/27 22:12:47|1|gtk-single-sat.c:154: Can not update non-existing sat
2025/06/27 22:12:47|1|gtk-single-sat.c:154: Can not update non-existing sat
2025/06/27 22:12:47|1|gtk-single-sat.c:154: Can not update non-existing sat
2025/06/27 22:12:47|1|gtk-single-sat.c:154: Can not update non-existing sat
2025/06/27 22:12:47|1|gtk-single-sat.c:154: Can not update non-existing sat
2025/06/27 22:12:47|1|gtk-single-sat.c:154: Can not update non-existing sat
2025/06/27 22:12:47|1|gtk-single-sat.c:154: Can not update non-existing sat
2025/06/27 22:12:47|1|gtk-single-sat.c:154: Can not update non-existing sat
2025/06/27 22:12:47|1|gtk-single-sat.c:154: Can not update non-existing sat
2025/06/27 22:12:47|1|gtk-single-sat.c:154: Can not update non-existing sat
2025/06/27 22:12:47|1|gtk-single-sat.c:154: Can not update non-existing sat
2025/06/27 22:12:47|1|gtk-single-sat.c:154: Can not update non-existing sat
2025/06/27 22:12:47|1|gtk-single-sat.c:154: Can not update non-existing sat
2025/06/27 22:12:47|1|gtk-single-sat.c:154: Can not update non-existing sat
2025/06/27 22:12:47|1|gtk-single-sat.c:154: Can not update non-existing sat
2025/06/27 22:12:47|1|gtk-single-sat.c:154: Can not update non-existing sat
2025/06/27 22:12:47|1|gtk-single-sat.c:154: Can not update non-existing sat
2025/06/27 22:12:47|1|gtk-single-sat.c:154: Can not update non-existing sat
2025/06/27 22:12:47|1|gtk-single-sat.c:154: Can not update non-existing sat
2025/06/27 22:12:47|1|gtk-single-sat.c:154: Can not update non-existing sat
2025/06/27 22:12:47|1|gtk-single-sat.c:154: Can not update non-existing sat
2025/06/27 22:12:47|1|gtk-single-sat.c:154: Can not update non-existing sat
2025/06/27 22:12:47|1|gtk-single-sat.c:154: Can not update non-existing sat
2025/06/27 22:12:47|1|gtk-single-sat.c:154: Can not update non-existing sat
2025/06/27 22:12:47|1|gtk-single-sat.c:154: Can not update non-existing sat
2025/06/27 22:12:47|1|gtk-single-sat.c:154: Can not update non-existing sat
2025/06/27 22:12:47|1|gtk-single-sat.c:154: Can not update non-existing sat
2025/06/27 22:12:47|1|gtk-single-sat.c:154: Can not update non-existing sat
2025/06/27 22:12:47|1|gtk-single-sat.c:154: Can not update non-existing sat
2025/06/27 22:12:47|1|gtk-single-sat.c:154: Can not update non-existing sat
2025/06/27 22:12:47|1|create_selected_sats_list: Failed to get list of satellites (Key file does not have group “GLOBAL”)
